{"__type":"$$EventMessageWorkflow","id":"afe7be33-861c-4524-be97-4dfa233db0fa","ts":"2025-06-27T20:27:55.021+00:00","eventName":"n8n.workflow.started","message":"n8n.workflow.started","payload":{"executionId":"160","workflowId":"31bpoOl5mpRMK1lH","isManual":false,"workflowName":"llinkdinworkflow"}}
{"__type":"$$EventMessageConfirm","confirm":"afe7be33-861c-4524-be97-4dfa233db0fa","ts":"2025-06-27T20:27:55.027+00:00","source":{"id":"0","name":"eventBus"}}
{"__type":"$$EventMessageNode","id":"f27d47cc-2979-489c-ad45-c7d9f7f09971","ts":"2025-06-27T20:27:55.033+00:00","eventName":"n8n.node.started","message":"n8n.node.started","payload":{"workflowId":"31bpoOl5mpRMK1lH","workflowName":"llinkdinworkflow","executionId":"160","nodeType":"n8n-nodes-base.localFileTrigger","nodeName":"Local File Trigger"}}
{"__type":"$$EventMessageConfirm","confirm":"f27d47cc-2979-489c-ad45-c7d9f7f09971","ts":"2025-06-27T20:27:55.034+00:00","source":{"id":"0","name":"eventBus"}}
{"__type":"$$EventMessageNode","id":"8b66c829-5bfa-4653-899d-2a67f4f10b75","ts":"2025-06-27T20:28:18.718+00:00","eventName":"n8n.node.finished","message":"n8n.node.finished","payload":{"workflowId":"31bpoOl5mpRMK1lH","workflowName":"llinkdinworkflow","executionId":"160","nodeType":"n8n-nodes-base.localFileTrigger","nodeName":"Local File Trigger"}}
{"__type":"$$EventMessageConfirm","confirm":"8b66c829-5bfa-4653-899d-2a67f4f10b75","ts":"2025-06-27T20:28:18.719+00:00","source":{"id":"0","name":"eventBus"}}
{"__type":"$$EventMessageNode","id":"53f41ef0-1f50-4cc9-b402-e354509fd30b","ts":"2025-06-27T20:28:18.721+00:00","eventName":"n8n.node.started","message":"n8n.node.started","payload":{"workflowId":"31bpoOl5mpRMK1lH","workflowName":"llinkdinworkflow","executionId":"160","nodeType":"n8n-nodes-base.executeCommand","nodeName":"analise_vaga_ia"}}
{"__type":"$$EventMessageConfirm","confirm":"53f41ef0-1f50-4cc9-b402-e354509fd30b","ts":"2025-06-27T20:28:18.721+00:00","source":{"id":"0","name":"eventBus"}}
{"__type":"$$EventMessageNode","id":"5e410a6c-65b4-4cb3-99d4-f9f8bfdbe97e","ts":"2025-06-27T20:28:32.917+00:00","eventName":"n8n.node.finished","message":"n8n.node.finished","payload":{"workflowId":"31bpoOl5mpRMK1lH","workflowName":"llinkdinworkflow","executionId":"160","nodeType":"n8n-nodes-base.executeCommand","nodeName":"analise_vaga_ia"}}
{"__type":"$$EventMessageConfirm","confirm":"5e410a6c-65b4-4cb3-99d4-f9f8bfdbe97e","ts":"2025-06-27T20:28:32.919+00:00","source":{"id":"0","name":"eventBus"}}
{"__type":"$$EventMessageNode","id":"2abe3e5b-6945-4e38-9614-e97c02479627","ts":"2025-06-27T20:28:32.921+00:00","eventName":"n8n.node.started","message":"n8n.node.started","payload":{"workflowId":"31bpoOl5mpRMK1lH","workflowName":"llinkdinworkflow","executionId":"160","nodeType":"n8n-nodes-base.code","nodeName":"transforma o json de saida em algo palatavel pro proximo script"}}
{"__type":"$$EventMessageConfirm","confirm":"2abe3e5b-6945-4e38-9614-e97c02479627","ts":"2025-06-27T20:28:32.922+00:00","source":{"id":"0","name":"eventBus"}}
{"__type":"$$EventMessageNode","id":"b0ccbc7c-2499-42ef-8917-311da666884b","ts":"2025-06-27T20:28:33.163+00:00","eventName":"n8n.node.finished","message":"n8n.node.finished","payload":{"workflowId":"31bpoOl5mpRMK1lH","workflowName":"llinkdinworkflow","executionId":"160","nodeType":"n8n-nodes-base.code","nodeName":"transforma o json de saida em algo palatavel pro proximo script"}}
{"__type":"$$EventMessageConfirm","confirm":"b0ccbc7c-2499-42ef-8917-311da666884b","ts":"2025-06-27T20:28:33.163+00:00","source":{"id":"0","name":"eventBus"}}
{"__type":"$$EventMessageNode","id":"b8caa1a8-0b2c-4bff-ab19-e78357052d92","ts":"2025-06-27T20:28:33.166+00:00","eventName":"n8n.node.started","message":"n8n.node.started","payload":{"workflowId":"31bpoOl5mpRMK1lH","workflowName":"llinkdinworkflow","executionId":"160","nodeType":"n8n-nodes-base.executeCommand","nodeName":"gera sugestoes de melhoria no cv"}}
{"__type":"$$EventMessageConfirm","confirm":"b8caa1a8-0b2c-4bff-ab19-e78357052d92","ts":"2025-06-27T20:28:33.167+00:00","source":{"id":"0","name":"eventBus"}}
{"__type":"$$EventMessageNode","id":"b0487b73-db35-4f14-9409-60c362e47fb0","ts":"2025-06-27T17:28:59.325-03:00","eventName":"n8n.node.finished","message":"n8n.node.finished","payload":{"workflowId":"31bpoOl5mpRMK1lH","workflowName":"llinkdinworkflow","executionId":"160","nodeType":"n8n-nodes-base.executeCommand","nodeName":"gera sugestoes de melhoria no cv"}}
{"__type":"$$EventMessageConfirm","confirm":"b0487b73-db35-4f14-9409-60c362e47fb0","ts":"2025-06-27T17:28:59.328-03:00","source":{"id":"0","name":"eventBus"}}
{"__type":"$$EventMessageNode","id":"0a7bef4c-67e5-4dc2-a39b-49845a7ae4c3","ts":"2025-06-27T17:28:59.332-03:00","eventName":"n8n.node.started","message":"n8n.node.started","payload":{"workflowId":"31bpoOl5mpRMK1lH","workflowName":"llinkdinworkflow","executionId":"160","nodeType":"n8n-nodes-base.merge","nodeName":"Merge1"}}
{"__type":"$$EventMessageConfirm","confirm":"0a7bef4c-67e5-4dc2-a39b-49845a7ae4c3","ts":"2025-06-27T17:28:59.333-03:00","source":{"id":"0","name":"eventBus"}}
{"__type":"$$EventMessageNode","id":"34e1cc57-d23b-430b-a1b0-fdcaa1cbf5a0","ts":"2025-06-27T17:28:59.454-03:00","eventName":"n8n.node.finished","message":"n8n.node.finished","payload":{"workflowId":"31bpoOl5mpRMK1lH","workflowName":"llinkdinworkflow","executionId":"160","nodeType":"n8n-nodes-base.merge","nodeName":"Merge1"}}
{"__type":"$$EventMessageConfirm","confirm":"34e1cc57-d23b-430b-a1b0-fdcaa1cbf5a0","ts":"2025-06-27T17:28:59.455-03:00","source":{"id":"0","name":"eventBus"}}
{"__type":"$$EventMessageNode","id":"c1e00796-e640-45a2-9e67-ff4d43d32396","ts":"2025-06-27T17:28:59.457-03:00","eventName":"n8n.node.started","message":"n8n.node.started","payload":{"workflowId":"31bpoOl5mpRMK1lH","workflowName":"llinkdinworkflow","executionId":"160","nodeType":"n8n-nodes-base.executeCommand","nodeName":"Le os requisitos de vaga e compara com meu CV, gera um score de aderencia"}}
{"__type":"$$EventMessageConfirm","confirm":"c1e00796-e640-45a2-9e67-ff4d43d32396","ts":"2025-06-27T17:28:59.457-03:00","source":{"id":"0","name":"eventBus"}}
{"__type":"$$EventMessageNode","id":"79e414f7-b467-451f-9d6d-c4eb7f705d24","ts":"2025-06-27T17:29:31.882-03:00","eventName":"n8n.node.finished","message":"n8n.node.finished","payload":{"workflowId":"31bpoOl5mpRMK1lH","workflowName":"llinkdinworkflow","executionId":"160","nodeType":"n8n-nodes-base.executeCommand","nodeName":"Le os requisitos de vaga e compara com meu CV, gera um score de aderencia"}}
{"__type":"$$EventMessageConfirm","confirm":"79e414f7-b467-451f-9d6d-c4eb7f705d24","ts":"2025-06-27T17:29:31.884-03:00","source":{"id":"0","name":"eventBus"}}
{"__type":"$$EventMessageNode","id":"df032999-12a8-478c-be59-03a4c549e15f","ts":"2025-06-27T17:29:31.887-03:00","eventName":"n8n.node.started","message":"n8n.node.started","payload":{"workflowId":"31bpoOl5mpRMK1lH","workflowName":"llinkdinworkflow","executionId":"160","nodeType":"n8n-nodes-base.merge","nodeName":"Merge"}}
{"__type":"$$EventMessageConfirm","confirm":"df032999-12a8-478c-be59-03a4c549e15f","ts":"2025-06-27T17:29:31.887-03:00","source":{"id":"0","name":"eventBus"}}
{"__type":"$$EventMessageNode","id":"bf3ecf81-6b74-43af-ab06-c0db262ec58e","ts":"2025-06-27T17:29:31.891-03:00","eventName":"n8n.node.finished","message":"n8n.node.finished","payload":{"workflowId":"31bpoOl5mpRMK1lH","workflowName":"llinkdinworkflow","executionId":"160","nodeType":"n8n-nodes-base.merge","nodeName":"Merge"}}
{"__type":"$$EventMessageConfirm","confirm":"bf3ecf81-6b74-43af-ab06-c0db262ec58e","ts":"2025-06-27T17:29:31.892-03:00","source":{"id":"0","name":"eventBus"}}
{"__type":"$$EventMessageWorkflow","id":"dab45ae0-d395-4a86-9a4c-dfb2b4b798a3","ts":"2025-06-27T17:29:31.925-03:00","eventName":"n8n.workflow.success","message":"n8n.workflow.success","payload":{"executionId":"160","userId":"0d1afc1f-c645-4b24-936a-dcf78e78faeb","success":true,"isManual":true,"workflowId":"31bpoOl5mpRMK1lH","workflowName":"llinkdinworkflow"}}
{"__type":"$$EventMessageConfirm","confirm":"dab45ae0-d395-4a86-9a4c-dfb2b4b798a3","ts":"2025-06-27T17:29:31.926-03:00","source":{"id":"0","name":"eventBus"}}
{"__type":"$$EventMessageWorkflow","id":"494f06c4-fbb7-4f24-b322-bbf799d9e6f2","ts":"2025-06-27T17:32:01.794-03:00","eventName":"n8n.workflow.started","message":"n8n.workflow.started","payload":{"executionId":"161","workflowId":"31bpoOl5mpRMK1lH","isManual":false,"workflowName":"llinkdinworkflow"}}
{"__type":"$$EventMessageConfirm","confirm":"494f06c4-fbb7-4f24-b322-bbf799d9e6f2","ts":"2025-06-27T17:32:01.796-03:00","source":{"id":"0","name":"eventBus"}}
{"__type":"$$EventMessageNode","id":"d30f24d1-87b1-440e-ac0a-b90aefce81fd","ts":"2025-06-27T17:32:01.799-03:00","eventName":"n8n.node.started","message":"n8n.node.started","payload":{"workflowId":"31bpoOl5mpRMK1lH","workflowName":"llinkdinworkflow","executionId":"161","nodeType":"n8n-nodes-base.executeCommand","nodeName":"gera sugestoes de melhoria no cv"}}
{"__type":"$$EventMessageConfirm","confirm":"d30f24d1-87b1-440e-ac0a-b90aefce81fd","ts":"2025-06-27T17:32:01.799-03:00","source":{"id":"0","name":"eventBus"}}
{"__type":"$$EventMessageNode","id":"2c1e4721-e521-448c-9bb6-6e9fbc67a815","ts":"2025-06-27T17:32:29.166-03:00","eventName":"n8n.node.finished","message":"n8n.node.finished","payload":{"workflowId":"31bpoOl5mpRMK1lH","workflowName":"llinkdinworkflow","executionId":"161","nodeType":"n8n-nodes-base.executeCommand","nodeName":"gera sugestoes de melhoria no cv"}}
{"__type":"$$EventMessageConfirm","confirm":"2c1e4721-e521-448c-9bb6-6e9fbc67a815","ts":"2025-06-27T17:32:29.169-03:00","source":{"id":"0","name":"eventBus"}}
{"__type":"$$EventMessageWorkflow","id":"a6a4fd3a-6183-4f8c-a92f-760c7a335758","ts":"2025-06-27T17:32:29.178-03:00","eventName":"n8n.workflow.success","message":"n8n.workflow.success","payload":{"executionId":"161","userId":"0d1afc1f-c645-4b24-936a-dcf78e78faeb","success":true,"isManual":true,"workflowId":"31bpoOl5mpRMK1lH","workflowName":"llinkdinworkflow"}}
{"__type":"$$EventMessageConfirm","confirm":"a6a4fd3a-6183-4f8c-a92f-760c7a335758","ts":"2025-06-27T17:32:29.178-03:00","source":{"id":"0","name":"eventBus"}}
{"__type":"$$EventMessageWorkflow","id":"4042041c-dc79-45a2-a01e-2465aa4505bd","ts":"2025-06-27T18:11:40.353-03:00","eventName":"n8n.workflow.started","message":"n8n.workflow.started","payload":{"executionId":"162","workflowId":"31bpoOl5mpRMK1lH","isManual":false,"workflowName":"llinkdinworkflow"}}
{"__type":"$$EventMessageConfirm","confirm":"4042041c-dc79-45a2-a01e-2465aa4505bd","ts":"2025-06-27T18:11:40.358-03:00","source":{"id":"0","name":"eventBus"}}
{"__type":"$$EventMessageNode","id":"881191ce-2e14-4912-9137-2b0e50ae4190","ts":"2025-06-27T18:11:40.366-03:00","eventName":"n8n.node.started","message":"n8n.node.started","payload":{"workflowId":"31bpoOl5mpRMK1lH","workflowName":"llinkdinworkflow","executionId":"162","nodeType":"n8n-nodes-base.executeCommand","nodeName":"gera sugestoes de melhoria no cv"}}
{"__type":"$$EventMessageConfirm","confirm":"881191ce-2e14-4912-9137-2b0e50ae4190","ts":"2025-06-27T18:11:40.366-03:00","source":{"id":"0","name":"eventBus"}}
{"__type":"$$EventMessageNode","id":"9e220caa-3d60-400e-bfc6-35cbf7a8bc96","ts":"2025-06-27T18:11:54.755-03:00","eventName":"n8n.node.finished","message":"n8n.node.finished","payload":{"workflowId":"31bpoOl5mpRMK1lH","workflowName":"llinkdinworkflow","executionId":"162","nodeType":"n8n-nodes-base.executeCommand","nodeName":"gera sugestoes de melhoria no cv"}}
{"__type":"$$EventMessageConfirm","confirm":"9e220caa-3d60-400e-bfc6-35cbf7a8bc96","ts":"2025-06-27T18:11:54.758-03:00","source":{"id":"0","name":"eventBus"}}
{"__type":"$$EventMessageWorkflow","id":"84336895-dcf1-4d6e-9ae7-427fc802666b","ts":"2025-06-27T18:11:54.767-03:00","eventName":"n8n.workflow.success","message":"n8n.workflow.success","payload":{"executionId":"162","userId":"0d1afc1f-c645-4b24-936a-dcf78e78faeb","success":true,"isManual":true,"workflowId":"31bpoOl5mpRMK1lH","workflowName":"llinkdinworkflow"}}
{"__type":"$$EventMessageConfirm","confirm":"84336895-dcf1-4d6e-9ae7-427fc802666b","ts":"2025-06-27T18:11:54.768-03:00","source":{"id":"0","name":"eventBus"}}
{"__type":"$$EventMessageWorkflow","id":"d68749a8-99e5-4a1c-aff4-d2ee2a593031","ts":"2025-06-30T14:59:45.034-03:00","eventName":"n8n.workflow.started","message":"n8n.workflow.started","payload":{"executionId":"163","workflowId":"31bpoOl5mpRMK1lH","isManual":false,"workflowName":"llinkdinworkflow"}}
{"__type":"$$EventMessageConfirm","confirm":"d68749a8-99e5-4a1c-aff4-d2ee2a593031","ts":"2025-06-30T14:59:45.063-03:00","source":{"id":"0","name":"eventBus"}}
{"__type":"$$EventMessageNode","id":"77411a11-bb01-4672-aa55-14eb6f9e220e","ts":"2025-06-30T14:59:45.069-03:00","eventName":"n8n.node.started","message":"n8n.node.started","payload":{"workflowId":"31bpoOl5mpRMK1lH","workflowName":"llinkdinworkflow","executionId":"163","nodeType":"n8n-nodes-base.localFileTrigger","nodeName":"Local File Trigger"}}
{"__type":"$$EventMessageConfirm","confirm":"77411a11-bb01-4672-aa55-14eb6f9e220e","ts":"2025-06-30T14:59:45.069-03:00","source":{"id":"0","name":"eventBus"}}
{"__type":"$$EventMessageNode","id":"025911fc-590b-44ed-95d9-85ba62d85b3f","ts":"2025-06-30T15:02:20.461-03:00","eventName":"n8n.node.finished","message":"n8n.node.finished","payload":{"workflowId":"31bpoOl5mpRMK1lH","workflowName":"llinkdinworkflow","executionId":"163","nodeType":"n8n-nodes-base.localFileTrigger","nodeName":"Local File Trigger"}}
{"__type":"$$EventMessageConfirm","confirm":"025911fc-590b-44ed-95d9-85ba62d85b3f","ts":"2025-06-30T15:02:20.463-03:00","source":{"id":"0","name":"eventBus"}}
{"__type":"$$EventMessageNode","id":"9ace4e07-ea9a-4f45-9435-d13b25744190","ts":"2025-06-30T15:02:20.470-03:00","eventName":"n8n.node.started","message":"n8n.node.started","payload":{"workflowId":"31bpoOl5mpRMK1lH","workflowName":"llinkdinworkflow","executionId":"163","nodeType":"n8n-nodes-base.executeCommand","nodeName":"analise_vaga_ia"}}
{"__type":"$$EventMessageConfirm","confirm":"9ace4e07-ea9a-4f45-9435-d13b25744190","ts":"2025-06-30T15:02:20.470-03:00","source":{"id":"0","name":"eventBus"}}
{"__type":"$$EventMessageNode","id":"d1a7908f-9f9b-46bb-9fb2-f8a40cc7ac66","ts":"2025-06-30T15:02:36.072-03:00","eventName":"n8n.node.finished","message":"n8n.node.finished","payload":{"workflowId":"31bpoOl5mpRMK1lH","workflowName":"llinkdinworkflow","executionId":"163","nodeType":"n8n-nodes-base.executeCommand","nodeName":"analise_vaga_ia"}}
{"__type":"$$EventMessageConfirm","confirm":"d1a7908f-9f9b-46bb-9fb2-f8a40cc7ac66","ts":"2025-06-30T15:02:36.076-03:00","source":{"id":"0","name":"eventBus"}}
{"__type":"$$EventMessageNode","id":"d92b75c5-77b7-4cd5-972a-3c44a0a63d3f","ts":"2025-06-30T15:02:36.081-03:00","eventName":"n8n.node.started","message":"n8n.node.started","payload":{"workflowId":"31bpoOl5mpRMK1lH","workflowName":"llinkdinworkflow","executionId":"163","nodeType":"n8n-nodes-base.code","nodeName":"transforma o json de saida em algo palatavel pro proximo script"}}
{"__type":"$$EventMessageConfirm","confirm":"d92b75c5-77b7-4cd5-972a-3c44a0a63d3f","ts":"2025-06-30T15:02:36.084-03:00","source":{"id":"0","name":"eventBus"}}
{"__type":"$$EventMessageNode","id":"67a03550-67a2-4d6e-b74e-e5989854abc6","ts":"2025-06-30T15:02:36.221-03:00","eventName":"n8n.node.finished","message":"n8n.node.finished","payload":{"workflowId":"31bpoOl5mpRMK1lH","workflowName":"llinkdinworkflow","executionId":"163","nodeType":"n8n-nodes-base.code","nodeName":"transforma o json de saida em algo palatavel pro proximo script"}}
{"__type":"$$EventMessageConfirm","confirm":"67a03550-67a2-4d6e-b74e-e5989854abc6","ts":"2025-06-30T15:02:36.222-03:00","source":{"id":"0","name":"eventBus"}}
{"__type":"$$EventMessageNode","id":"04067673-6205-4331-9135-82d430e1262e","ts":"2025-06-30T15:02:36.224-03:00","eventName":"n8n.node.started","message":"n8n.node.started","payload":{"workflowId":"31bpoOl5mpRMK1lH","workflowName":"llinkdinworkflow","executionId":"163","nodeType":"n8n-nodes-base.executeCommand","nodeName":"gera sugestoes de melhoria no cv"}}
{"__type":"$$EventMessageConfirm","confirm":"04067673-6205-4331-9135-82d430e1262e","ts":"2025-06-30T15:02:36.225-03:00","source":{"id":"0","name":"eventBus"}}
{"__type":"$$EventMessageNode","id":"2cfe0b43-5adc-48f9-8897-2fb9146faf6e","ts":"2025-06-30T15:02:49.586-03:00","eventName":"n8n.node.finished","message":"n8n.node.finished","payload":{"workflowId":"31bpoOl5mpRMK1lH","workflowName":"llinkdinworkflow","executionId":"163","nodeType":"n8n-nodes-base.executeCommand","nodeName":"gera sugestoes de melhoria no cv"}}
{"__type":"$$EventMessageConfirm","confirm":"2cfe0b43-5adc-48f9-8897-2fb9146faf6e","ts":"2025-06-30T15:02:49.588-03:00","source":{"id":"0","name":"eventBus"}}
{"__type":"$$EventMessageNode","id":"8378731f-5d78-4688-a016-89e0833dc8c0","ts":"2025-06-30T15:02:49.590-03:00","eventName":"n8n.node.started","message":"n8n.node.started","payload":{"workflowId":"31bpoOl5mpRMK1lH","workflowName":"llinkdinworkflow","executionId":"163","nodeType":"n8n-nodes-base.merge","nodeName":"Merge1"}}
{"__type":"$$EventMessageConfirm","confirm":"8378731f-5d78-4688-a016-89e0833dc8c0","ts":"2025-06-30T15:02:49.591-03:00","source":{"id":"0","name":"eventBus"}}
{"__type":"$$EventMessageNode","id":"dcef1a0e-c46b-41e2-9bd6-70a710c37920","ts":"2025-06-30T15:02:49.601-03:00","eventName":"n8n.node.finished","message":"n8n.node.finished","payload":{"workflowId":"31bpoOl5mpRMK1lH","workflowName":"llinkdinworkflow","executionId":"163","nodeType":"n8n-nodes-base.merge","nodeName":"Merge1"}}
{"__type":"$$EventMessageConfirm","confirm":"dcef1a0e-c46b-41e2-9bd6-70a710c37920","ts":"2025-06-30T15:02:49.602-03:00","source":{"id":"0","name":"eventBus"}}
{"__type":"$$EventMessageNode","id":"db75898b-c9e8-4162-b686-23138a494f57","ts":"2025-06-30T15:02:49.603-03:00","eventName":"n8n.node.started","message":"n8n.node.started","payload":{"workflowId":"31bpoOl5mpRMK1lH","workflowName":"llinkdinworkflow","executionId":"163","nodeType":"n8n-nodes-base.executeCommand","nodeName":"Le os requisitos de vaga e compara com meu CV, gera um score de aderencia"}}
{"__type":"$$EventMessageConfirm","confirm":"db75898b-c9e8-4162-b686-23138a494f57","ts":"2025-06-30T15:02:49.603-03:00","source":{"id":"0","name":"eventBus"}}
{"__type":"$$EventMessageNode","id":"192ba373-ecb7-470b-b3f0-c796072d04cb","ts":"2025-06-30T15:03:25.941-03:00","eventName":"n8n.node.finished","message":"n8n.node.finished","payload":{"workflowId":"31bpoOl5mpRMK1lH","workflowName":"llinkdinworkflow","executionId":"163","nodeType":"n8n-nodes-base.executeCommand","nodeName":"Le os requisitos de vaga e compara com meu CV, gera um score de aderencia"}}
{"__type":"$$EventMessageConfirm","confirm":"192ba373-ecb7-470b-b3f0-c796072d04cb","ts":"2025-06-30T15:03:25.949-03:00","source":{"id":"0","name":"eventBus"}}
{"__type":"$$EventMessageNode","id":"dba36114-4b5b-4ece-a9ef-172b2e97bad8","ts":"2025-06-30T15:03:25.959-03:00","eventName":"n8n.node.started","message":"n8n.node.started","payload":{"workflowId":"31bpoOl5mpRMK1lH","workflowName":"llinkdinworkflow","executionId":"163","nodeType":"n8n-nodes-base.merge","nodeName":"Merge"}}
{"__type":"$$EventMessageConfirm","confirm":"dba36114-4b5b-4ece-a9ef-172b2e97bad8","ts":"2025-06-30T15:03:25.960-03:00","source":{"id":"0","name":"eventBus"}}
{"__type":"$$EventMessageNode","id":"bfcbb26e-34e9-4c0b-9ece-d87b8c44671a","ts":"2025-06-30T15:03:25.967-03:00","eventName":"n8n.node.finished","message":"n8n.node.finished","payload":{"workflowId":"31bpoOl5mpRMK1lH","workflowName":"llinkdinworkflow","executionId":"163","nodeType":"n8n-nodes-base.merge","nodeName":"Merge"}}
{"__type":"$$EventMessageConfirm","confirm":"bfcbb26e-34e9-4c0b-9ece-d87b8c44671a","ts":"2025-06-30T15:03:25.967-03:00","source":{"id":"0","name":"eventBus"}}
{"__type":"$$EventMessageWorkflow","id":"393fcebf-022b-406e-b63f-c1a25bbbbfcc","ts":"2025-06-30T15:03:26.070-03:00","eventName":"n8n.workflow.success","message":"n8n.workflow.success","payload":{"executionId":"163","userId":"0d1afc1f-c645-4b24-936a-dcf78e78faeb","success":true,"isManual":true,"workflowId":"31bpoOl5mpRMK1lH","workflowName":"llinkdinworkflow"}}
{"__type":"$$EventMessageConfirm","confirm":"393fcebf-022b-406e-b63f-c1a25bbbbfcc","ts":"2025-06-30T15:03:26.070-03:00","source":{"id":"0","name":"eventBus"}}
{"__type":"$$EventMessageWorkflow","id":"a74f3b0d-5c0e-490d-bd3f-0df3e00d227f","ts":"2025-06-30T16:27:13.397-03:00","eventName":"n8n.workflow.started","message":"n8n.workflow.started","payload":{"executionId":"164","workflowId":"31bpoOl5mpRMK1lH","isManual":false,"workflowName":"llinkdinworkflow"}}
{"__type":"$$EventMessageConfirm","confirm":"a74f3b0d-5c0e-490d-bd3f-0df3e00d227f","ts":"2025-06-30T16:27:13.437-03:00","source":{"id":"0","name":"eventBus"}}
{"__type":"$$EventMessageNode","id":"38760756-146f-4658-81fe-51d6d39e0299","ts":"2025-06-30T16:27:13.443-03:00","eventName":"n8n.node.started","message":"n8n.node.started","payload":{"workflowId":"31bpoOl5mpRMK1lH","workflowName":"llinkdinworkflow","executionId":"164","nodeType":"n8n-nodes-base.localFileTrigger","nodeName":"Local File Trigger"}}
{"__type":"$$EventMessageConfirm","confirm":"38760756-146f-4658-81fe-51d6d39e0299","ts":"2025-06-30T16:27:13.444-03:00","source":{"id":"0","name":"eventBus"}}
{"__type":"$$EventMessageNode","id":"90df4a94-4c3b-4b31-8c62-6cbc3dd3b30d","ts":"2025-06-30T16:27:19.199-03:00","eventName":"n8n.node.finished","message":"n8n.node.finished","payload":{"workflowId":"31bpoOl5mpRMK1lH","workflowName":"llinkdinworkflow","executionId":"164","nodeType":"n8n-nodes-base.localFileTrigger","nodeName":"Local File Trigger"}}
{"__type":"$$EventMessageConfirm","confirm":"90df4a94-4c3b-4b31-8c62-6cbc3dd3b30d","ts":"2025-06-30T16:27:19.200-03:00","source":{"id":"0","name":"eventBus"}}
{"__type":"$$EventMessageNode","id":"f286decd-daf7-4118-bd62-362d9a6c9a7a","ts":"2025-06-30T16:27:19.202-03:00","eventName":"n8n.node.started","message":"n8n.node.started","payload":{"workflowId":"31bpoOl5mpRMK1lH","workflowName":"llinkdinworkflow","executionId":"164","nodeType":"n8n-nodes-base.executeCommand","nodeName":"analise_vaga_ia"}}
{"__type":"$$EventMessageConfirm","confirm":"f286decd-daf7-4118-bd62-362d9a6c9a7a","ts":"2025-06-30T16:27:19.202-03:00","source":{"id":"0","name":"eventBus"}}
{"__type":"$$EventMessageNode","id":"14cf395f-5994-4695-997a-85d8919e160e","ts":"2025-06-30T16:27:34.809-03:00","eventName":"n8n.node.finished","message":"n8n.node.finished","payload":{"workflowId":"31bpoOl5mpRMK1lH","workflowName":"llinkdinworkflow","executionId":"164","nodeType":"n8n-nodes-base.executeCommand","nodeName":"analise_vaga_ia"}}
{"__type":"$$EventMessageConfirm","confirm":"14cf395f-5994-4695-997a-85d8919e160e","ts":"2025-06-30T16:27:34.814-03:00","source":{"id":"0","name":"eventBus"}}
{"__type":"$$EventMessageNode","id":"20d7a9c4-3a2b-4f53-9109-ef3eebc6c5ec","ts":"2025-06-30T16:27:34.819-03:00","eventName":"n8n.node.started","message":"n8n.node.started","payload":{"workflowId":"31bpoOl5mpRMK1lH","workflowName":"llinkdinworkflow","executionId":"164","nodeType":"n8n-nodes-base.code","nodeName":"transforma o json de saida em algo palatavel pro proximo script"}}
{"__type":"$$EventMessageConfirm","confirm":"20d7a9c4-3a2b-4f53-9109-ef3eebc6c5ec","ts":"2025-06-30T16:27:34.820-03:00","source":{"id":"0","name":"eventBus"}}
{"__type":"$$EventMessageNode","id":"1b4142c9-67d3-4e8c-a8ae-ef94e7e9a30c","ts":"2025-06-30T16:27:34.953-03:00","eventName":"n8n.node.finished","message":"n8n.node.finished","payload":{"workflowId":"31bpoOl5mpRMK1lH","workflowName":"llinkdinworkflow","executionId":"164","nodeType":"n8n-nodes-base.code","nodeName":"transforma o json de saida em algo palatavel pro proximo script"}}
{"__type":"$$EventMessageConfirm","confirm":"1b4142c9-67d3-4e8c-a8ae-ef94e7e9a30c","ts":"2025-06-30T16:27:34.954-03:00","source":{"id":"0","name":"eventBus"}}
{"__type":"$$EventMessageNode","id":"4d1e8898-b04b-4772-ace1-bf4670dda41e","ts":"2025-06-30T16:27:34.956-03:00","eventName":"n8n.node.started","message":"n8n.node.started","payload":{"workflowId":"31bpoOl5mpRMK1lH","workflowName":"llinkdinworkflow","executionId":"164","nodeType":"n8n-nodes-base.executeCommand","nodeName":"gera sugestoes de melhoria no cv"}}
{"__type":"$$EventMessageConfirm","confirm":"4d1e8898-b04b-4772-ace1-bf4670dda41e","ts":"2025-06-30T16:27:34.956-03:00","source":{"id":"0","name":"eventBus"}}
{"__type":"$$EventMessageNode","id":"085fb2fd-1327-4478-b8d5-1b829b28229d","ts":"2025-06-30T16:28:05.203-03:00","eventName":"n8n.node.finished","message":"n8n.node.finished","payload":{"workflowId":"31bpoOl5mpRMK1lH","workflowName":"llinkdinworkflow","executionId":"164","nodeType":"n8n-nodes-base.executeCommand","nodeName":"gera sugestoes de melhoria no cv"}}
{"__type":"$$EventMessageConfirm","confirm":"085fb2fd-1327-4478-b8d5-1b829b28229d","ts":"2025-06-30T16:28:05.205-03:00","source":{"id":"0","name":"eventBus"}}
{"__type":"$$EventMessageNode","id":"9f1683bd-f9f0-4b22-804a-4da68c60f5ca","ts":"2025-06-30T16:28:05.211-03:00","eventName":"n8n.node.started","message":"n8n.node.started","payload":{"workflowId":"31bpoOl5mpRMK1lH","workflowName":"llinkdinworkflow","executionId":"164","nodeType":"n8n-nodes-base.merge","nodeName":"Merge1"}}
{"__type":"$$EventMessageConfirm","confirm":"9f1683bd-f9f0-4b22-804a-4da68c60f5ca","ts":"2025-06-30T16:28:05.211-03:00","source":{"id":"0","name":"eventBus"}}
{"__type":"$$EventMessageNode","id":"841d7aaa-ce8a-4a38-8bbc-5e8ead4547a2","ts":"2025-06-30T16:28:05.228-03:00","eventName":"n8n.node.finished","message":"n8n.node.finished","payload":{"workflowId":"31bpoOl5mpRMK1lH","workflowName":"llinkdinworkflow","executionId":"164","nodeType":"n8n-nodes-base.merge","nodeName":"Merge1"}}
{"__type":"$$EventMessageConfirm","confirm":"841d7aaa-ce8a-4a38-8bbc-5e8ead4547a2","ts":"2025-06-30T16:28:05.229-03:00","source":{"id":"0","name":"eventBus"}}
{"__type":"$$EventMessageNode","id":"a8b2b1c0-c58d-4726-9ead-a087dc5563ad","ts":"2025-06-30T16:28:05.230-03:00","eventName":"n8n.node.started","message":"n8n.node.started","payload":{"workflowId":"31bpoOl5mpRMK1lH","workflowName":"llinkdinworkflow","executionId":"164","nodeType":"n8n-nodes-base.executeCommand","nodeName":"Le os requisitos de vaga e compara com meu CV, gera um score de aderencia"}}
{"__type":"$$EventMessageConfirm","confirm":"a8b2b1c0-c58d-4726-9ead-a087dc5563ad","ts":"2025-06-30T16:28:05.231-03:00","source":{"id":"0","name":"eventBus"}}
{"__type":"$$EventMessageNode","id":"01abe24f-3562-439b-9d34-75142b423398","ts":"2025-06-30T16:28:40.074-03:00","eventName":"n8n.node.finished","message":"n8n.node.finished","payload":{"workflowId":"31bpoOl5mpRMK1lH","workflowName":"llinkdinworkflow","executionId":"164","nodeType":"n8n-nodes-base.executeCommand","nodeName":"Le os requisitos de vaga e compara com meu CV, gera um score de aderencia"}}
{"__type":"$$EventMessageConfirm","confirm":"01abe24f-3562-439b-9d34-75142b423398","ts":"2025-06-30T16:28:40.080-03:00","source":{"id":"0","name":"eventBus"}}
{"__type":"$$EventMessageNode","id":"593a5cb3-159d-4d5f-ac55-53c00054f9dd","ts":"2025-06-30T16:28:40.094-03:00","eventName":"n8n.node.started","message":"n8n.node.started","payload":{"workflowId":"31bpoOl5mpRMK1lH","workflowName":"llinkdinworkflow","executionId":"164","nodeType":"n8n-nodes-base.merge","nodeName":"Merge"}}
{"__type":"$$EventMessageConfirm","confirm":"593a5cb3-159d-4d5f-ac55-53c00054f9dd","ts":"2025-06-30T16:28:40.095-03:00","source":{"id":"0","name":"eventBus"}}
{"__type":"$$EventMessageNode","id":"8c277ec3-71ec-45aa-9a07-db8f50e33118","ts":"2025-06-30T16:28:40.117-03:00","eventName":"n8n.node.finished","message":"n8n.node.finished","payload":{"workflowId":"31bpoOl5mpRMK1lH","workflowName":"llinkdinworkflow","executionId":"164","nodeType":"n8n-nodes-base.merge","nodeName":"Merge"}}
{"__type":"$$EventMessageConfirm","confirm":"8c277ec3-71ec-45aa-9a07-db8f50e33118","ts":"2025-06-30T16:28:40.118-03:00","source":{"id":"0","name":"eventBus"}}
{"__type":"$$EventMessageWorkflow","id":"0e22e3fa-b8f1-459f-a188-6e240212664e","ts":"2025-06-30T16:28:40.192-03:00","eventName":"n8n.workflow.success","message":"n8n.workflow.success","payload":{"executionId":"164","userId":"0d1afc1f-c645-4b24-936a-dcf78e78faeb","success":true,"isManual":true,"workflowId":"31bpoOl5mpRMK1lH","workflowName":"llinkdinworkflow"}}
{"__type":"$$EventMessageConfirm","confirm":"0e22e3fa-b8f1-459f-a188-6e240212664e","ts":"2025-06-30T16:28:40.193-03:00","source":{"id":"0","name":"eventBus"}}
{"__type":"$$EventMessageWorkflow","id":"d675a0a0-6848-40db-9add-61c08d666b27","ts":"2025-06-30T17:50:09.337-03:00","eventName":"n8n.workflow.started","message":"n8n.workflow.started","payload":{"executionId":"165","workflowId":"31bpoOl5mpRMK1lH","isManual":false,"workflowName":"llinkdinworkflow"}}
{"__type":"$$EventMessageConfirm","confirm":"d675a0a0-6848-40db-9add-61c08d666b27","ts":"2025-06-30T17:50:09.339-03:00","source":{"id":"0","name":"eventBus"}}
{"__type":"$$EventMessageNode","id":"e77d103b-cfda-41dc-9f69-0e1a551b6416","ts":"2025-06-30T17:50:09.342-03:00","eventName":"n8n.node.started","message":"n8n.node.started","payload":{"workflowId":"31bpoOl5mpRMK1lH","workflowName":"llinkdinworkflow","executionId":"165","nodeType":"n8n-nodes-base.localFileTrigger","nodeName":"Local File Trigger"}}
{"__type":"$$EventMessageConfirm","confirm":"e77d103b-cfda-41dc-9f69-0e1a551b6416","ts":"2025-06-30T17:50:09.343-03:00","source":{"id":"0","name":"eventBus"}}
{"__type":"$$EventMessageNode","id":"7171190f-190e-4614-ae71-ed608fb11de5","ts":"2025-06-30T17:50:18.033-03:00","eventName":"n8n.node.finished","message":"n8n.node.finished","payload":{"workflowId":"31bpoOl5mpRMK1lH","workflowName":"llinkdinworkflow","executionId":"165","nodeType":"n8n-nodes-base.localFileTrigger","nodeName":"Local File Trigger"}}
{"__type":"$$EventMessageConfirm","confirm":"7171190f-190e-4614-ae71-ed608fb11de5","ts":"2025-06-30T17:50:18.035-03:00","source":{"id":"0","name":"eventBus"}}
{"__type":"$$EventMessageNode","id":"d0ff7c3b-2b7e-48d8-8654-a8c051bd0599","ts":"2025-06-30T17:50:18.039-03:00","eventName":"n8n.node.started","message":"n8n.node.started","payload":{"workflowId":"31bpoOl5mpRMK1lH","workflowName":"llinkdinworkflow","executionId":"165","nodeType":"n8n-nodes-base.executeCommand","nodeName":"analise_vaga_ia"}}
{"__type":"$$EventMessageConfirm","confirm":"d0ff7c3b-2b7e-48d8-8654-a8c051bd0599","ts":"2025-06-30T17:50:18.041-03:00","source":{"id":"0","name":"eventBus"}}
{"__type":"$$EventMessageNode","id":"613013a9-d784-4615-a25c-415c0224b7f2","ts":"2025-06-30T18:08:24.230-03:00","eventName":"n8n.node.finished","message":"n8n.node.finished","payload":{"workflowId":"31bpoOl5mpRMK1lH","workflowName":"llinkdinworkflow","executionId":"165","nodeType":"n8n-nodes-base.executeCommand","nodeName":"analise_vaga_ia"}}
{"__type":"$$EventMessageConfirm","confirm":"613013a9-d784-4615-a25c-415c0224b7f2","ts":"2025-06-30T18:08:24.233-03:00","source":{"id":"0","name":"eventBus"}}
{"__type":"$$EventMessageNode","id":"38698919-71d6-419b-a9e7-1bedac797731","ts":"2025-06-30T18:08:24.270-03:00","eventName":"n8n.node.started","message":"n8n.node.started","payload":{"workflowId":"31bpoOl5mpRMK1lH","workflowName":"llinkdinworkflow","executionId":"165","nodeType":"n8n-nodes-base.code","nodeName":"transforma o json de saida em algo palatavel pro proximo script"}}
{"__type":"$$EventMessageConfirm","confirm":"38698919-71d6-419b-a9e7-1bedac797731","ts":"2025-06-30T18:08:24.270-03:00","source":{"id":"0","name":"eventBus"}}
{"__type":"$$EventMessageNode","id":"f3d14a7c-efb9-438a-890a-55437305826e","ts":"2025-06-30T18:08:24.556-03:00","eventName":"n8n.node.finished","message":"n8n.node.finished","payload":{"workflowId":"31bpoOl5mpRMK1lH","workflowName":"llinkdinworkflow","executionId":"165","nodeType":"n8n-nodes-base.code","nodeName":"transforma o json de saida em algo palatavel pro proximo script"}}
{"__type":"$$EventMessageConfirm","confirm":"f3d14a7c-efb9-438a-890a-55437305826e","ts":"2025-06-30T18:08:24.556-03:00","source":{"id":"0","name":"eventBus"}}
{"__type":"$$EventMessageNode","id":"f7416a9f-026d-4c1c-b276-e011aaeea139","ts":"2025-06-30T18:08:24.580-03:00","eventName":"n8n.node.started","message":"n8n.node.started","payload":{"workflowId":"31bpoOl5mpRMK1lH","workflowName":"llinkdinworkflow","executionId":"165","nodeType":"n8n-nodes-base.executeCommand","nodeName":"gera sugestoes de melhoria no cv"}}
{"__type":"$$EventMessageConfirm","confirm":"f7416a9f-026d-4c1c-b276-e011aaeea139","ts":"2025-06-30T18:08:24.580-03:00","source":{"id":"0","name":"eventBus"}}
{"__type":"$$EventMessageWorkflow","id":"bdc86e3a-8f24-4e51-8d11-b1055abb0564","ts":"2025-07-01T10:52:21.948-03:00","eventName":"n8n.workflow.failed","message":"n8n.workflow.failed","payload":{"executionId":"165","userId":"0d1afc1f-c645-4b24-936a-dcf78e78faeb","success":false,"isManual":true,"workflowId":"31bpoOl5mpRMK1lH","workflowName":"llinkdinworkflow","lastNodeExecuted":"transforma o json de saida em algo palatavel pro proximo script"}}
{"__type":"$$EventMessageConfirm","confirm":"bdc86e3a-8f24-4e51-8d11-b1055abb0564","ts":"2025-07-01T10:52:21.952-03:00","source":{"id":"0","name":"eventBus"}}
