{"__type":"$$EventMessageWorkflow","id":"896519a1-874d-4c88-a34d-3377c8af41a4","ts":"2025-06-27T19:33:49.440+00:00","eventName":"n8n.workflow.started","message":"n8n.workflow.started","payload":{"executionId":"147","workflowId":"31bpoOl5mpRMK1lH","isManual":false,"workflowName":"llinkdinworkflow"}}
{"__type":"$$EventMessageConfirm","confirm":"896519a1-874d-4c88-a34d-3377c8af41a4","ts":"2025-06-27T19:33:49.442+00:00","source":{"id":"0","name":"eventBus"}}
{"__type":"$$EventMessageNode","id":"6bd9f01c-93f2-4f61-8636-b2d406272406","ts":"2025-06-27T19:33:49.445+00:00","eventName":"n8n.node.started","message":"n8n.node.started","payload":{"workflowId":"31bpoOl5mpRMK1lH","workflowName":"llinkdinworkflow","executionId":"147","nodeType":"n8n-nodes-base.executeCommand","nodeName":"gera sugestoes de melhoria no cv"}}
{"__type":"$$EventMessageConfirm","confirm":"6bd9f01c-93f2-4f61-8636-b2d406272406","ts":"2025-06-27T19:33:49.446+00:00","source":{"id":"0","name":"eventBus"}}
{"__type":"$$EventMessageNode","id":"28069aa4-8a66-46cc-b2ce-fae9d34f14f9","ts":"2025-06-27T16:33:49.530-03:00","eventName":"n8n.node.finished","message":"n8n.node.finished","payload":{"workflowId":"31bpoOl5mpRMK1lH","workflowName":"llinkdinworkflow","executionId":"147","nodeType":"n8n-nodes-base.executeCommand","nodeName":"gera sugestoes de melhoria no cv"}}
{"__type":"$$EventMessageConfirm","confirm":"28069aa4-8a66-46cc-b2ce-fae9d34f14f9","ts":"2025-06-27T16:33:49.531-03:00","source":{"id":"0","name":"eventBus"}}
{"__type":"$$EventMessageWorkflow","id":"8b39c09b-65ed-4dc7-b8c7-8551abd52b55","ts":"2025-06-27T16:33:49.536-03:00","eventName":"n8n.workflow.failed","message":"n8n.workflow.failed","payload":{"executionId":"147","userId":"0d1afc1f-c645-4b24-936a-dcf78e78faeb","success":false,"isManual":true,"workflowId":"31bpoOl5mpRMK1lH","workflowName":"llinkdinworkflow","lastNodeExecuted":"gera sugestoes de melhoria no cv","errorNodeType":"n8n-nodes-base.executeCommand","errorMessage":"Command failed: cat /data/linkedin-automacao/output/analise_vagas_resultados.json | . /data/linkedin-automacao/run_cv_otimizado.sh\n/bin/sh: /data/linkedin-automacao/run_cv_otimizado.sh: line 2: can't create logs/cv_logs.txt: nonexistent directory\n/bin/sh: /data/linkedin-automacao/run_cv_otimizado.sh: line 4: can't create logs/cv_logs.txt: nonexistent directory\n/bin/sh: /data/linkedin-automacao/run_cv_otimizado.sh: line 5: can't create logs/cv_logs.txt: nonexistent directory\n/bin/sh: /data/linkedin-automacao/run_cv_otimizado.sh: line 10: can't create logs/cv_logs.txt: nonexistent directory\n/bin/sh: /data/linkedin-automacao/run_cv_otimizado.sh: line 11: can't create logs/cv_logs.txt: nonexistent directory\n/bin/sh: /data/linkedin-automacao/run_cv_otimizado.sh: line 12: can't create logs/cv_logs.txt: nonexistent directory\n/bin/sh: /data/linkedin-automacao/run_cv_otimizado.sh: line 14: can't create logs/cv_logs.txt: nonexistent directory\n"}}
{"__type":"$$EventMessageConfirm","confirm":"8b39c09b-65ed-4dc7-b8c7-8551abd52b55","ts":"2025-06-27T16:33:49.536-03:00","source":{"id":"0","name":"eventBus"}}
{"__type":"$$EventMessageWorkflow","id":"c492717a-52a0-4952-9cac-a808f3482fe4","ts":"2025-06-27T16:37:53.944-03:00","eventName":"n8n.workflow.started","message":"n8n.workflow.started","payload":{"executionId":"148","workflowId":"31bpoOl5mpRMK1lH","isManual":false,"workflowName":"llinkdinworkflow"}}
{"__type":"$$EventMessageConfirm","confirm":"c492717a-52a0-4952-9cac-a808f3482fe4","ts":"2025-06-27T16:37:53.946-03:00","source":{"id":"0","name":"eventBus"}}
{"__type":"$$EventMessageNode","id":"24439d52-10b7-49af-981d-d9cad6e318ab","ts":"2025-06-27T16:37:53.949-03:00","eventName":"n8n.node.started","message":"n8n.node.started","payload":{"workflowId":"31bpoOl5mpRMK1lH","workflowName":"llinkdinworkflow","executionId":"148","nodeType":"n8n-nodes-base.executeCommand","nodeName":"gera sugestoes de melhoria no cv"}}
{"__type":"$$EventMessageConfirm","confirm":"24439d52-10b7-49af-981d-d9cad6e318ab","ts":"2025-06-27T16:37:53.949-03:00","source":{"id":"0","name":"eventBus"}}
{"__type":"$$EventMessageNode","id":"51dfd88b-1884-410a-95c5-0f3087d2bb49","ts":"2025-06-27T16:37:53.978-03:00","eventName":"n8n.node.finished","message":"n8n.node.finished","payload":{"workflowId":"31bpoOl5mpRMK1lH","workflowName":"llinkdinworkflow","executionId":"148","nodeType":"n8n-nodes-base.executeCommand","nodeName":"gera sugestoes de melhoria no cv"}}
{"__type":"$$EventMessageConfirm","confirm":"51dfd88b-1884-410a-95c5-0f3087d2bb49","ts":"2025-06-27T16:37:53.979-03:00","source":{"id":"0","name":"eventBus"}}
{"__type":"$$EventMessageWorkflow","id":"3e04f3cf-45be-4f43-b9e0-688c3e34b041","ts":"2025-06-27T16:37:53.985-03:00","eventName":"n8n.workflow.failed","message":"n8n.workflow.failed","payload":{"executionId":"148","userId":"0d1afc1f-c645-4b24-936a-dcf78e78faeb","success":false,"isManual":true,"workflowId":"31bpoOl5mpRMK1lH","workflowName":"llinkdinworkflow","lastNodeExecuted":"gera sugestoes de melhoria no cv","errorNodeType":"n8n-nodes-base.executeCommand","errorMessage":"Command failed: cat /data/linkedin-automacao/output/analise_vagas_resultados.json | . /data/linkedin-automacao/run_cv_otimizado.sh\n/bin/sh: /data/linkedin-automacao/run_cv_otimizado.sh: line 4: can't create logs/cv_logs.txt: nonexistent directory\n/bin/sh: /data/linkedin-automacao/run_cv_otimizado.sh: line 5: can't create logs/cv_logs.txt: nonexistent directory\n/bin/sh: /data/linkedin-automacao/run_cv_otimizado.sh: line 10: can't create logs/cv_logs.txt: nonexistent directory\n/bin/sh: /data/linkedin-automacao/run_cv_otimizado.sh: line 11: can't create logs/cv_logs.txt: nonexistent directory\n/bin/sh: /data/linkedin-automacao/run_cv_otimizado.sh: line 12: can't create logs/cv_logs.txt: nonexistent directory\n/bin/sh: /data/linkedin-automacao/run_cv_otimizado.sh: line 14: can't create logs/cv_logs.txt: nonexistent directory\n"}}
{"__type":"$$EventMessageConfirm","confirm":"3e04f3cf-45be-4f43-b9e0-688c3e34b041","ts":"2025-06-27T16:37:53.985-03:00","source":{"id":"0","name":"eventBus"}}
{"__type":"$$EventMessageWorkflow","id":"37f4ce71-f762-41eb-b388-b723e1d4e3d3","ts":"2025-06-27T16:38:34.914-03:00","eventName":"n8n.workflow.started","message":"n8n.workflow.started","payload":{"executionId":"149","workflowId":"31bpoOl5mpRMK1lH","isManual":false,"workflowName":"llinkdinworkflow"}}
{"__type":"$$EventMessageConfirm","confirm":"37f4ce71-f762-41eb-b388-b723e1d4e3d3","ts":"2025-06-27T16:38:34.914-03:00","source":{"id":"0","name":"eventBus"}}
{"__type":"$$EventMessageNode","id":"31c71f09-7cb4-419b-b30b-14bc858f358b","ts":"2025-06-27T16:38:34.915-03:00","eventName":"n8n.node.started","message":"n8n.node.started","payload":{"workflowId":"31bpoOl5mpRMK1lH","workflowName":"llinkdinworkflow","executionId":"149","nodeType":"n8n-nodes-base.localFileTrigger","nodeName":"Local File Trigger"}}
{"__type":"$$EventMessageConfirm","confirm":"31c71f09-7cb4-419b-b30b-14bc858f358b","ts":"2025-06-27T16:38:34.916-03:00","source":{"id":"0","name":"eventBus"}}
{"__type":"$$EventMessageWorkflow","id":"a6894d16-1a99-40eb-ad4d-fd69af641545","ts":"2025-06-27T16:39:03.115-03:00","eventName":"n8n.workflow.failed","message":"n8n.workflow.failed","payload":{"executionId":"149","userId":"0d1afc1f-c645-4b24-936a-dcf78e78faeb","success":false,"isManual":true,"workflowId":"31bpoOl5mpRMK1lH","workflowName":"llinkdinworkflow"}}
{"__type":"$$EventMessageConfirm","confirm":"a6894d16-1a99-40eb-ad4d-fd69af641545","ts":"2025-06-27T16:39:03.116-03:00","source":{"id":"0","name":"eventBus"}}
{"__type":"$$EventMessageWorkflow","id":"97386db3-735b-410c-a006-a5198cf83c28","ts":"2025-06-27T16:39:06.677-03:00","eventName":"n8n.workflow.started","message":"n8n.workflow.started","payload":{"executionId":"150","workflowId":"31bpoOl5mpRMK1lH","isManual":false,"workflowName":"llinkdinworkflow"}}
{"__type":"$$EventMessageConfirm","confirm":"97386db3-735b-410c-a006-a5198cf83c28","ts":"2025-06-27T16:39:06.678-03:00","source":{"id":"0","name":"eventBus"}}
{"__type":"$$EventMessageNode","id":"a8db069b-99ff-4530-9cec-a8864a8cd94b","ts":"2025-06-27T16:39:06.680-03:00","eventName":"n8n.node.started","message":"n8n.node.started","payload":{"workflowId":"31bpoOl5mpRMK1lH","workflowName":"llinkdinworkflow","executionId":"150","nodeType":"n8n-nodes-base.localFileTrigger","nodeName":"Local File Trigger"}}
{"__type":"$$EventMessageConfirm","confirm":"a8db069b-99ff-4530-9cec-a8864a8cd94b","ts":"2025-06-27T16:39:06.681-03:00","source":{"id":"0","name":"eventBus"}}
{"__type":"$$EventMessageNode","id":"e2d0a922-6c16-40a5-b6c3-aebead6509f0","ts":"2025-06-27T16:39:15.617-03:00","eventName":"n8n.node.finished","message":"n8n.node.finished","payload":{"workflowId":"31bpoOl5mpRMK1lH","workflowName":"llinkdinworkflow","executionId":"150","nodeType":"n8n-nodes-base.localFileTrigger","nodeName":"Local File Trigger"}}
{"__type":"$$EventMessageConfirm","confirm":"e2d0a922-6c16-40a5-b6c3-aebead6509f0","ts":"2025-06-27T16:39:15.620-03:00","source":{"id":"0","name":"eventBus"}}
{"__type":"$$EventMessageNode","id":"65c05004-f374-49de-8200-856bfd15fbc0","ts":"2025-06-27T16:39:15.622-03:00","eventName":"n8n.node.started","message":"n8n.node.started","payload":{"workflowId":"31bpoOl5mpRMK1lH","workflowName":"llinkdinworkflow","executionId":"150","nodeType":"n8n-nodes-base.executeCommand","nodeName":"analise_vaga_ia"}}
{"__type":"$$EventMessageConfirm","confirm":"65c05004-f374-49de-8200-856bfd15fbc0","ts":"2025-06-27T16:39:15.622-03:00","source":{"id":"0","name":"eventBus"}}
{"__type":"$$EventMessageNode","id":"fb52bb46-bfaa-427e-b0ac-0b38bf23d4b4","ts":"2025-06-27T16:39:29.231-03:00","eventName":"n8n.node.finished","message":"n8n.node.finished","payload":{"workflowId":"31bpoOl5mpRMK1lH","workflowName":"llinkdinworkflow","executionId":"150","nodeType":"n8n-nodes-base.executeCommand","nodeName":"analise_vaga_ia"}}
{"__type":"$$EventMessageConfirm","confirm":"fb52bb46-bfaa-427e-b0ac-0b38bf23d4b4","ts":"2025-06-27T16:39:29.233-03:00","source":{"id":"0","name":"eventBus"}}
{"__type":"$$EventMessageNode","id":"117cef59-2180-4eee-a9ac-9f81629fd622","ts":"2025-06-27T16:39:29.237-03:00","eventName":"n8n.node.started","message":"n8n.node.started","payload":{"workflowId":"31bpoOl5mpRMK1lH","workflowName":"llinkdinworkflow","executionId":"150","nodeType":"n8n-nodes-base.code","nodeName":"transforma o json de saida em algo palatavel pro proximo script"}}
{"__type":"$$EventMessageConfirm","confirm":"117cef59-2180-4eee-a9ac-9f81629fd622","ts":"2025-06-27T16:39:29.237-03:00","source":{"id":"0","name":"eventBus"}}
{"__type":"$$EventMessageNode","id":"1e2b1c92-3016-4302-ace3-af8263b2524a","ts":"2025-06-27T16:39:29.364-03:00","eventName":"n8n.node.finished","message":"n8n.node.finished","payload":{"workflowId":"31bpoOl5mpRMK1lH","workflowName":"llinkdinworkflow","executionId":"150","nodeType":"n8n-nodes-base.code","nodeName":"transforma o json de saida em algo palatavel pro proximo script"}}
{"__type":"$$EventMessageConfirm","confirm":"1e2b1c92-3016-4302-ace3-af8263b2524a","ts":"2025-06-27T16:39:29.366-03:00","source":{"id":"0","name":"eventBus"}}
{"__type":"$$EventMessageNode","id":"b7e6b0c6-d81e-40e5-a33d-9d7eeb3f90f0","ts":"2025-06-27T16:39:29.367-03:00","eventName":"n8n.node.started","message":"n8n.node.started","payload":{"workflowId":"31bpoOl5mpRMK1lH","workflowName":"llinkdinworkflow","executionId":"150","nodeType":"n8n-nodes-base.executeCommand","nodeName":"gera sugestoes de melhoria no cv"}}
{"__type":"$$EventMessageConfirm","confirm":"b7e6b0c6-d81e-40e5-a33d-9d7eeb3f90f0","ts":"2025-06-27T16:39:29.368-03:00","source":{"id":"0","name":"eventBus"}}
{"__type":"$$EventMessageNode","id":"63ba8690-3d07-4cf3-9760-a9aed92ae849","ts":"2025-06-27T16:39:29.383-03:00","eventName":"n8n.node.finished","message":"n8n.node.finished","payload":{"workflowId":"31bpoOl5mpRMK1lH","workflowName":"llinkdinworkflow","executionId":"150","nodeType":"n8n-nodes-base.executeCommand","nodeName":"gera sugestoes de melhoria no cv"}}
{"__type":"$$EventMessageConfirm","confirm":"63ba8690-3d07-4cf3-9760-a9aed92ae849","ts":"2025-06-27T16:39:29.383-03:00","source":{"id":"0","name":"eventBus"}}
{"__type":"$$EventMessageWorkflow","id":"a1af560e-5e1e-48a0-9a4c-2c33dba2b215","ts":"2025-06-27T16:39:29.389-03:00","eventName":"n8n.workflow.failed","message":"n8n.workflow.failed","payload":{"executionId":"150","userId":"0d1afc1f-c645-4b24-936a-dcf78e78faeb","success":false,"isManual":true,"workflowId":"31bpoOl5mpRMK1lH","workflowName":"llinkdinworkflow","lastNodeExecuted":"gera sugestoes de melhoria no cv","errorNodeType":"n8n-nodes-base.executeCommand","errorMessage":"Command failed: cat /data/linkedin-automacao/output/analise_vagas_resultados.json | . /data/linkedin-automacao/run_cv_otimizado.sh\n/bin/sh: /data/linkedin-automacao/run_cv_otimizado.sh: line 4: can't create logs/cv_logs.txt: nonexistent directory\n/bin/sh: /data/linkedin-automacao/run_cv_otimizado.sh: line 5: can't create logs/cv_logs.txt: nonexistent directory\n/bin/sh: /data/linkedin-automacao/run_cv_otimizado.sh: line 10: can't create logs/cv_logs.txt: nonexistent directory\n/bin/sh: /data/linkedin-automacao/run_cv_otimizado.sh: line 11: can't create logs/cv_logs.txt: nonexistent directory\n/bin/sh: /data/linkedin-automacao/run_cv_otimizado.sh: line 12: can't create logs/cv_logs.txt: nonexistent directory\n/bin/sh: /data/linkedin-automacao/run_cv_otimizado.sh: line 14: can't create logs/cv_logs.txt: nonexistent directory\n"}}
{"__type":"$$EventMessageConfirm","confirm":"a1af560e-5e1e-48a0-9a4c-2c33dba2b215","ts":"2025-06-27T16:39:29.389-03:00","source":{"id":"0","name":"eventBus"}}
{"__type":"$$EventMessageWorkflow","id":"dc1abdc1-0a87-4e2c-8c3b-f9faa3e6f99a","ts":"2025-06-27T16:41:43.361-03:00","eventName":"n8n.workflow.started","message":"n8n.workflow.started","payload":{"executionId":"151","workflowId":"31bpoOl5mpRMK1lH","isManual":false,"workflowName":"llinkdinworkflow"}}
{"__type":"$$EventMessageConfirm","confirm":"dc1abdc1-0a87-4e2c-8c3b-f9faa3e6f99a","ts":"2025-06-27T16:41:43.362-03:00","source":{"id":"0","name":"eventBus"}}
{"__type":"$$EventMessageNode","id":"a79abba8-d512-4448-adca-3cbd3dd94a5e","ts":"2025-06-27T16:41:43.364-03:00","eventName":"n8n.node.started","message":"n8n.node.started","payload":{"workflowId":"31bpoOl5mpRMK1lH","workflowName":"llinkdinworkflow","executionId":"151","nodeType":"n8n-nodes-base.executeCommand","nodeName":"gera sugestoes de melhoria no cv"}}
{"__type":"$$EventMessageConfirm","confirm":"a79abba8-d512-4448-adca-3cbd3dd94a5e","ts":"2025-06-27T16:41:43.365-03:00","source":{"id":"0","name":"eventBus"}}
{"__type":"$$EventMessageNode","id":"336c439a-faac-46f6-9ae5-4332f3649acd","ts":"2025-06-27T16:41:43.387-03:00","eventName":"n8n.node.finished","message":"n8n.node.finished","payload":{"workflowId":"31bpoOl5mpRMK1lH","workflowName":"llinkdinworkflow","executionId":"151","nodeType":"n8n-nodes-base.executeCommand","nodeName":"gera sugestoes de melhoria no cv"}}
{"__type":"$$EventMessageConfirm","confirm":"336c439a-faac-46f6-9ae5-4332f3649acd","ts":"2025-06-27T16:41:43.388-03:00","source":{"id":"0","name":"eventBus"}}
{"__type":"$$EventMessageWorkflow","id":"4113712e-5a67-498d-bbd1-68e44a34028d","ts":"2025-06-27T16:41:43.391-03:00","eventName":"n8n.workflow.failed","message":"n8n.workflow.failed","payload":{"executionId":"151","userId":"0d1afc1f-c645-4b24-936a-dcf78e78faeb","success":false,"isManual":true,"workflowId":"31bpoOl5mpRMK1lH","workflowName":"llinkdinworkflow","lastNodeExecuted":"gera sugestoes de melhoria no cv","errorNodeType":"n8n-nodes-base.executeCommand","errorMessage":"Command failed: cat /data/linkedin-automacao/output/analise_vagas_resultados.json | . /data/linkedin-automacao/run_cv_otimizado.sh\n/bin/sh: /data/linkedin-automacao/run_cv_otimizado.sh: line 10: can't create logs/cv_logs.txt: nonexistent directory\n/bin/sh: /data/linkedin-automacao/run_cv_otimizado.sh: line 11: can't create logs/cv_logs.txt: nonexistent directory\n/bin/sh: /data/linkedin-automacao/run_cv_otimizado.sh: line 12: can't create logs/cv_logs.txt: nonexistent directory\n/bin/sh: /data/linkedin-automacao/run_cv_otimizado.sh: line 14: can't create logs/cv_logs.txt: nonexistent directory\n"}}
{"__type":"$$EventMessageConfirm","confirm":"4113712e-5a67-498d-bbd1-68e44a34028d","ts":"2025-06-27T16:41:43.392-03:00","source":{"id":"0","name":"eventBus"}}
{"__type":"$$EventMessageWorkflow","id":"fa8e3fb0-6150-450a-bec8-cb79c9220e0a","ts":"2025-06-27T16:42:59.253-03:00","eventName":"n8n.workflow.started","message":"n8n.workflow.started","payload":{"executionId":"152","workflowId":"31bpoOl5mpRMK1lH","isManual":false,"workflowName":"llinkdinworkflow"}}
{"__type":"$$EventMessageConfirm","confirm":"fa8e3fb0-6150-450a-bec8-cb79c9220e0a","ts":"2025-06-27T16:42:59.254-03:00","source":{"id":"0","name":"eventBus"}}
{"__type":"$$EventMessageNode","id":"d2a51d71-0fd6-42c1-8a00-87405e404c23","ts":"2025-06-27T16:42:59.256-03:00","eventName":"n8n.node.started","message":"n8n.node.started","payload":{"workflowId":"31bpoOl5mpRMK1lH","workflowName":"llinkdinworkflow","executionId":"152","nodeType":"n8n-nodes-base.executeCommand","nodeName":"gera sugestoes de melhoria no cv"}}
{"__type":"$$EventMessageConfirm","confirm":"d2a51d71-0fd6-42c1-8a00-87405e404c23","ts":"2025-06-27T16:42:59.257-03:00","source":{"id":"0","name":"eventBus"}}
{"__type":"$$EventMessageNode","id":"6c4fc901-c44f-4246-b61f-dc4944eff0b8","ts":"2025-06-27T16:43:23.443-03:00","eventName":"n8n.node.finished","message":"n8n.node.finished","payload":{"workflowId":"31bpoOl5mpRMK1lH","workflowName":"llinkdinworkflow","executionId":"152","nodeType":"n8n-nodes-base.executeCommand","nodeName":"gera sugestoes de melhoria no cv"}}
{"__type":"$$EventMessageConfirm","confirm":"6c4fc901-c44f-4246-b61f-dc4944eff0b8","ts":"2025-06-27T16:43:23.447-03:00","source":{"id":"0","name":"eventBus"}}
{"__type":"$$EventMessageWorkflow","id":"0e182a26-f835-4c63-8b43-df5a64e24ca1","ts":"2025-06-27T16:43:23.466-03:00","eventName":"n8n.workflow.success","message":"n8n.workflow.success","payload":{"executionId":"152","userId":"0d1afc1f-c645-4b24-936a-dcf78e78faeb","success":true,"isManual":true,"workflowId":"31bpoOl5mpRMK1lH","workflowName":"llinkdinworkflow"}}
{"__type":"$$EventMessageConfirm","confirm":"0e182a26-f835-4c63-8b43-df5a64e24ca1","ts":"2025-06-27T16:43:23.467-03:00","source":{"id":"0","name":"eventBus"}}
{"__type":"$$EventMessageWorkflow","id":"2bf3df9e-5f4a-4ef8-b0b5-0b10b2a0dfb8","ts":"2025-06-27T16:50:15.680-03:00","eventName":"n8n.workflow.started","message":"n8n.workflow.started","payload":{"executionId":"153","workflowId":"31bpoOl5mpRMK1lH","isManual":false,"workflowName":"llinkdinworkflow"}}
{"__type":"$$EventMessageConfirm","confirm":"2bf3df9e-5f4a-4ef8-b0b5-0b10b2a0dfb8","ts":"2025-06-27T16:50:15.690-03:00","source":{"id":"0","name":"eventBus"}}
{"__type":"$$EventMessageNode","id":"a7a3064f-ca45-4122-8ff6-25ca7c291e6f","ts":"2025-06-27T16:50:15.699-03:00","eventName":"n8n.node.started","message":"n8n.node.started","payload":{"workflowId":"31bpoOl5mpRMK1lH","workflowName":"llinkdinworkflow","executionId":"153","nodeType":"n8n-nodes-base.executeCommand","nodeName":"gera sugestoes de melhoria no cv"}}
{"__type":"$$EventMessageConfirm","confirm":"a7a3064f-ca45-4122-8ff6-25ca7c291e6f","ts":"2025-06-27T16:50:15.700-03:00","source":{"id":"0","name":"eventBus"}}
{"__type":"$$EventMessageNode","id":"47c7f55d-7128-487f-85ff-ab201ea08e17","ts":"2025-06-27T16:50:39.445-03:00","eventName":"n8n.node.finished","message":"n8n.node.finished","payload":{"workflowId":"31bpoOl5mpRMK1lH","workflowName":"llinkdinworkflow","executionId":"153","nodeType":"n8n-nodes-base.executeCommand","nodeName":"gera sugestoes de melhoria no cv"}}
{"__type":"$$EventMessageConfirm","confirm":"47c7f55d-7128-487f-85ff-ab201ea08e17","ts":"2025-06-27T16:50:39.447-03:00","source":{"id":"0","name":"eventBus"}}
{"__type":"$$EventMessageWorkflow","id":"7fa5be5d-b4c4-46c5-b168-93c0660d6bb7","ts":"2025-06-27T16:50:39.453-03:00","eventName":"n8n.workflow.success","message":"n8n.workflow.success","payload":{"executionId":"153","userId":"0d1afc1f-c645-4b24-936a-dcf78e78faeb","success":true,"isManual":true,"workflowId":"31bpoOl5mpRMK1lH","workflowName":"llinkdinworkflow"}}
{"__type":"$$EventMessageConfirm","confirm":"7fa5be5d-b4c4-46c5-b168-93c0660d6bb7","ts":"2025-06-27T16:50:39.454-03:00","source":{"id":"0","name":"eventBus"}}
{"__type":"$$EventMessageWorkflow","id":"6e9a5240-ebfa-405b-b853-0f983145e1dd","ts":"2025-06-27T16:51:19.522-03:00","eventName":"n8n.workflow.started","message":"n8n.workflow.started","payload":{"executionId":"154","workflowId":"31bpoOl5mpRMK1lH","isManual":false,"workflowName":"llinkdinworkflow"}}
{"__type":"$$EventMessageConfirm","confirm":"6e9a5240-ebfa-405b-b853-0f983145e1dd","ts":"2025-06-27T16:51:19.528-03:00","source":{"id":"0","name":"eventBus"}}
{"__type":"$$EventMessageNode","id":"08dea583-2402-4990-95f9-333a66a4b36e","ts":"2025-06-27T16:51:19.532-03:00","eventName":"n8n.node.started","message":"n8n.node.started","payload":{"workflowId":"31bpoOl5mpRMK1lH","workflowName":"llinkdinworkflow","executionId":"154","nodeType":"n8n-nodes-base.executeCommand","nodeName":"gera sugestoes de melhoria no cv"}}
{"__type":"$$EventMessageConfirm","confirm":"08dea583-2402-4990-95f9-333a66a4b36e","ts":"2025-06-27T16:51:19.532-03:00","source":{"id":"0","name":"eventBus"}}
{"__type":"$$EventMessageNode","id":"3873a9a3-8dba-4c90-a4e8-17e73dde3c73","ts":"2025-06-27T16:51:19.561-03:00","eventName":"n8n.node.finished","message":"n8n.node.finished","payload":{"workflowId":"31bpoOl5mpRMK1lH","workflowName":"llinkdinworkflow","executionId":"154","nodeType":"n8n-nodes-base.executeCommand","nodeName":"gera sugestoes de melhoria no cv"}}
{"__type":"$$EventMessageConfirm","confirm":"3873a9a3-8dba-4c90-a4e8-17e73dde3c73","ts":"2025-06-27T16:51:19.564-03:00","source":{"id":"0","name":"eventBus"}}
{"__type":"$$EventMessageWorkflow","id":"79376c80-4436-4405-800f-a7839ee019aa","ts":"2025-06-27T16:51:19.569-03:00","eventName":"n8n.workflow.failed","message":"n8n.workflow.failed","payload":{"executionId":"154","userId":"0d1afc1f-c645-4b24-936a-dcf78e78faeb","success":false,"isManual":true,"workflowId":"31bpoOl5mpRMK1lH","workflowName":"llinkdinworkflow","lastNodeExecuted":"gera sugestoes de melhoria no cv","errorNodeType":"n8n-nodes-base.executeCommand","errorMessage":"Command failed: cat /data/linkedin-automacao/output/analise_vagas_resultados.json | . /data/linkedin-automacao/run_cv_otimizado.sh\n/bin/sh: /data/linkedin-automacao/run_cv_otimizado.sh: line 2: syntax error: unexpected \"&\"\n"}}
{"__type":"$$EventMessageConfirm","confirm":"79376c80-4436-4405-800f-a7839ee019aa","ts":"2025-06-27T16:51:19.569-03:00","source":{"id":"0","name":"eventBus"}}
{"__type":"$$EventMessageWorkflow","id":"9719cc36-f7c6-49e5-b99f-9716293998ac","ts":"2025-06-27T16:51:54.493-03:00","eventName":"n8n.workflow.started","message":"n8n.workflow.started","payload":{"executionId":"155","workflowId":"31bpoOl5mpRMK1lH","isManual":false,"workflowName":"llinkdinworkflow"}}
{"__type":"$$EventMessageConfirm","confirm":"9719cc36-f7c6-49e5-b99f-9716293998ac","ts":"2025-06-27T16:51:54.494-03:00","source":{"id":"0","name":"eventBus"}}
{"__type":"$$EventMessageNode","id":"d235bd78-d9c6-4ad1-a070-c7570be69f33","ts":"2025-06-27T16:51:54.497-03:00","eventName":"n8n.node.started","message":"n8n.node.started","payload":{"workflowId":"31bpoOl5mpRMK1lH","workflowName":"llinkdinworkflow","executionId":"155","nodeType":"n8n-nodes-base.executeCommand","nodeName":"gera sugestoes de melhoria no cv"}}
{"__type":"$$EventMessageConfirm","confirm":"d235bd78-d9c6-4ad1-a070-c7570be69f33","ts":"2025-06-27T16:51:54.497-03:00","source":{"id":"0","name":"eventBus"}}
{"__type":"$$EventMessageNode","id":"2a300573-6733-42d6-b5c2-99bf45663cb6","ts":"2025-06-27T16:52:16.388-03:00","eventName":"n8n.node.finished","message":"n8n.node.finished","payload":{"workflowId":"31bpoOl5mpRMK1lH","workflowName":"llinkdinworkflow","executionId":"155","nodeType":"n8n-nodes-base.executeCommand","nodeName":"gera sugestoes de melhoria no cv"}}
{"__type":"$$EventMessageConfirm","confirm":"2a300573-6733-42d6-b5c2-99bf45663cb6","ts":"2025-06-27T16:52:16.390-03:00","source":{"id":"0","name":"eventBus"}}
{"__type":"$$EventMessageWorkflow","id":"11ba0b8c-64e5-401b-ad8b-7331ea13be91","ts":"2025-06-27T16:52:16.398-03:00","eventName":"n8n.workflow.success","message":"n8n.workflow.success","payload":{"executionId":"155","userId":"0d1afc1f-c645-4b24-936a-dcf78e78faeb","success":true,"isManual":true,"workflowId":"31bpoOl5mpRMK1lH","workflowName":"llinkdinworkflow"}}
{"__type":"$$EventMessageConfirm","confirm":"11ba0b8c-64e5-401b-ad8b-7331ea13be91","ts":"2025-06-27T16:52:16.398-03:00","source":{"id":"0","name":"eventBus"}}
{"__type":"$$EventMessageWorkflow","id":"ef80ee34-a25e-4bf6-bb6c-9fb4858ec9f1","ts":"2025-06-27T16:53:12.993-03:00","eventName":"n8n.workflow.started","message":"n8n.workflow.started","payload":{"executionId":"156","workflowId":"31bpoOl5mpRMK1lH","isManual":false,"workflowName":"llinkdinworkflow"}}
{"__type":"$$EventMessageConfirm","confirm":"ef80ee34-a25e-4bf6-bb6c-9fb4858ec9f1","ts":"2025-06-27T16:53:12.996-03:00","source":{"id":"0","name":"eventBus"}}
{"__type":"$$EventMessageNode","id":"82e1a4b8-527d-4b03-888c-b7006384d8a9","ts":"2025-06-27T16:53:13.004-03:00","eventName":"n8n.node.started","message":"n8n.node.started","payload":{"workflowId":"31bpoOl5mpRMK1lH","workflowName":"llinkdinworkflow","executionId":"156","nodeType":"n8n-nodes-base.executeCommand","nodeName":"gera sugestoes de melhoria no cv"}}
{"__type":"$$EventMessageConfirm","confirm":"82e1a4b8-527d-4b03-888c-b7006384d8a9","ts":"2025-06-27T16:53:13.004-03:00","source":{"id":"0","name":"eventBus"}}
{"__type":"$$EventMessageNode","id":"e866f9c6-bc23-47dd-9a24-231e32993c5e","ts":"2025-06-27T16:53:13.022-03:00","eventName":"n8n.node.finished","message":"n8n.node.finished","payload":{"workflowId":"31bpoOl5mpRMK1lH","workflowName":"llinkdinworkflow","executionId":"156","nodeType":"n8n-nodes-base.executeCommand","nodeName":"gera sugestoes de melhoria no cv"}}
{"__type":"$$EventMessageConfirm","confirm":"e866f9c6-bc23-47dd-9a24-231e32993c5e","ts":"2025-06-27T16:53:13.022-03:00","source":{"id":"0","name":"eventBus"}}
{"__type":"$$EventMessageWorkflow","id":"f1c04573-0345-4e0e-a647-e6d704a12f35","ts":"2025-06-27T16:53:13.026-03:00","eventName":"n8n.workflow.failed","message":"n8n.workflow.failed","payload":{"executionId":"156","userId":"0d1afc1f-c645-4b24-936a-dcf78e78faeb","success":false,"isManual":true,"workflowId":"31bpoOl5mpRMK1lH","workflowName":"llinkdinworkflow","lastNodeExecuted":"gera sugestoes de melhoria no cv","errorNodeType":"n8n-nodes-base.executeCommand","errorMessage":"Command failed: cat /data/linkedin-automacao/output/analise_vagas_resultados.json | . /data/linkedin-automacao/run_cv_otimizado.sh\n/bin/sh: /data/linkedin-automacao/run_cv_otimizado.sh: line 2: syntax error: unexpected \"&\"\n"}}
{"__type":"$$EventMessageConfirm","confirm":"f1c04573-0345-4e0e-a647-e6d704a12f35","ts":"2025-06-27T16:53:13.026-03:00","source":{"id":"0","name":"eventBus"}}
{"__type":"$$EventMessageWorkflow","id":"931c75e4-d222-4ad0-9f33-0c3d8fbeaeb4","ts":"2025-06-27T16:53:57.050-03:00","eventName":"n8n.workflow.started","message":"n8n.workflow.started","payload":{"executionId":"157","workflowId":"31bpoOl5mpRMK1lH","isManual":false,"workflowName":"llinkdinworkflow"}}
{"__type":"$$EventMessageConfirm","confirm":"931c75e4-d222-4ad0-9f33-0c3d8fbeaeb4","ts":"2025-06-27T16:53:57.051-03:00","source":{"id":"0","name":"eventBus"}}
{"__type":"$$EventMessageNode","id":"e484ed24-dac3-4738-ab3b-c329cf91acd2","ts":"2025-06-27T16:53:57.054-03:00","eventName":"n8n.node.started","message":"n8n.node.started","payload":{"workflowId":"31bpoOl5mpRMK1lH","workflowName":"llinkdinworkflow","executionId":"157","nodeType":"n8n-nodes-base.executeCommand","nodeName":"gera sugestoes de melhoria no cv"}}
{"__type":"$$EventMessageConfirm","confirm":"e484ed24-dac3-4738-ab3b-c329cf91acd2","ts":"2025-06-27T16:53:57.054-03:00","source":{"id":"0","name":"eventBus"}}
{"__type":"$$EventMessageNode","id":"943a3853-bab3-4fff-be46-dad123e0d426","ts":"2025-06-27T16:54:18.753-03:00","eventName":"n8n.node.finished","message":"n8n.node.finished","payload":{"workflowId":"31bpoOl5mpRMK1lH","workflowName":"llinkdinworkflow","executionId":"157","nodeType":"n8n-nodes-base.executeCommand","nodeName":"gera sugestoes de melhoria no cv"}}
{"__type":"$$EventMessageConfirm","confirm":"943a3853-bab3-4fff-be46-dad123e0d426","ts":"2025-06-27T16:54:18.755-03:00","source":{"id":"0","name":"eventBus"}}
{"__type":"$$EventMessageWorkflow","id":"c41fb0c5-f60b-4f2b-839c-9f05a8f7c3ad","ts":"2025-06-27T16:54:18.761-03:00","eventName":"n8n.workflow.success","message":"n8n.workflow.success","payload":{"executionId":"157","userId":"0d1afc1f-c645-4b24-936a-dcf78e78faeb","success":true,"isManual":true,"workflowId":"31bpoOl5mpRMK1lH","workflowName":"llinkdinworkflow"}}
{"__type":"$$EventMessageConfirm","confirm":"c41fb0c5-f60b-4f2b-839c-9f05a8f7c3ad","ts":"2025-06-27T16:54:18.762-03:00","source":{"id":"0","name":"eventBus"}}
{"__type":"$$EventMessageWorkflow","id":"f5650fee-de7e-4414-91e7-31680bfcb3bb","ts":"2025-06-27T16:54:54.173-03:00","eventName":"n8n.workflow.started","message":"n8n.workflow.started","payload":{"executionId":"158","workflowId":"31bpoOl5mpRMK1lH","isManual":false,"workflowName":"llinkdinworkflow"}}
{"__type":"$$EventMessageConfirm","confirm":"f5650fee-de7e-4414-91e7-31680bfcb3bb","ts":"2025-06-27T16:54:54.174-03:00","source":{"id":"0","name":"eventBus"}}
{"__type":"$$EventMessageNode","id":"cfb21795-368c-4a9a-829d-c118f2431ec1","ts":"2025-06-27T16:54:54.176-03:00","eventName":"n8n.node.started","message":"n8n.node.started","payload":{"workflowId":"31bpoOl5mpRMK1lH","workflowName":"llinkdinworkflow","executionId":"158","nodeType":"n8n-nodes-base.executeCommand","nodeName":"gera sugestoes de melhoria no cv"}}
{"__type":"$$EventMessageConfirm","confirm":"cfb21795-368c-4a9a-829d-c118f2431ec1","ts":"2025-06-27T16:54:54.177-03:00","source":{"id":"0","name":"eventBus"}}
{"__type":"$$EventMessageNode","id":"f732d602-2529-4719-8081-fc76422b26c7","ts":"2025-06-27T16:55:16.885-03:00","eventName":"n8n.node.finished","message":"n8n.node.finished","payload":{"workflowId":"31bpoOl5mpRMK1lH","workflowName":"llinkdinworkflow","executionId":"158","nodeType":"n8n-nodes-base.executeCommand","nodeName":"gera sugestoes de melhoria no cv"}}
{"__type":"$$EventMessageConfirm","confirm":"f732d602-2529-4719-8081-fc76422b26c7","ts":"2025-06-27T16:55:16.887-03:00","source":{"id":"0","name":"eventBus"}}
{"__type":"$$EventMessageWorkflow","id":"c527e3bb-cc0b-4f9f-af53-aa7852b7c73f","ts":"2025-06-27T16:55:16.894-03:00","eventName":"n8n.workflow.success","message":"n8n.workflow.success","payload":{"executionId":"158","userId":"0d1afc1f-c645-4b24-936a-dcf78e78faeb","success":true,"isManual":true,"workflowId":"31bpoOl5mpRMK1lH","workflowName":"llinkdinworkflow"}}
{"__type":"$$EventMessageConfirm","confirm":"c527e3bb-cc0b-4f9f-af53-aa7852b7c73f","ts":"2025-06-27T16:55:16.895-03:00","source":{"id":"0","name":"eventBus"}}
{"__type":"$$EventMessageWorkflow","id":"1f013928-2acd-406d-b053-1b085eebe78b","ts":"2025-06-27T16:55:56.253-03:00","eventName":"n8n.workflow.started","message":"n8n.workflow.started","payload":{"executionId":"159","workflowId":"31bpoOl5mpRMK1lH","isManual":false,"workflowName":"llinkdinworkflow"}}
{"__type":"$$EventMessageConfirm","confirm":"1f013928-2acd-406d-b053-1b085eebe78b","ts":"2025-06-27T16:55:56.253-03:00","source":{"id":"0","name":"eventBus"}}
{"__type":"$$EventMessageNode","id":"37dfba64-142e-43c5-8014-cedb531413fe","ts":"2025-06-27T16:55:56.255-03:00","eventName":"n8n.node.started","message":"n8n.node.started","payload":{"workflowId":"31bpoOl5mpRMK1lH","workflowName":"llinkdinworkflow","executionId":"159","nodeType":"n8n-nodes-base.executeCommand","nodeName":"gera sugestoes de melhoria no cv"}}
{"__type":"$$EventMessageConfirm","confirm":"37dfba64-142e-43c5-8014-cedb531413fe","ts":"2025-06-27T16:55:56.255-03:00","source":{"id":"0","name":"eventBus"}}
{"__type":"$$EventMessageNode","id":"9a3078b9-6ec6-4f7b-9fea-686e7ef16a97","ts":"2025-06-27T16:56:17.284-03:00","eventName":"n8n.node.finished","message":"n8n.node.finished","payload":{"workflowId":"31bpoOl5mpRMK1lH","workflowName":"llinkdinworkflow","executionId":"159","nodeType":"n8n-nodes-base.executeCommand","nodeName":"gera sugestoes de melhoria no cv"}}
{"__type":"$$EventMessageConfirm","confirm":"9a3078b9-6ec6-4f7b-9fea-686e7ef16a97","ts":"2025-06-27T16:56:17.286-03:00","source":{"id":"0","name":"eventBus"}}
{"__type":"$$EventMessageWorkflow","id":"75ec2aa0-b7b1-4983-bd84-e6b8aea750be","ts":"2025-06-27T16:56:17.292-03:00","eventName":"n8n.workflow.success","message":"n8n.workflow.success","payload":{"executionId":"159","userId":"0d1afc1f-c645-4b24-936a-dcf78e78faeb","success":true,"isManual":true,"workflowId":"31bpoOl5mpRMK1lH","workflowName":"llinkdinworkflow"}}
{"__type":"$$EventMessageConfirm","confirm":"75ec2aa0-b7b1-4983-bd84-e6b8aea750be","ts":"2025-06-27T16:56:17.293-03:00","source":{"id":"0","name":"eventBus"}}
