{"__type":"$$EventMessageWorkflow","id":"fe3dcf90-2e0c-4845-b3f5-8f42b30514a6","ts":"2025-06-27T19:01:13.204+00:00","eventName":"n8n.workflow.started","message":"n8n.workflow.started","payload":{"executionId":"142","workflowId":"31bpoOl5mpRMK1lH","isManual":false,"workflowName":"llinkdinworkflow"}}
{"__type":"$$EventMessageConfirm","confirm":"fe3dcf90-2e0c-4845-b3f5-8f42b30514a6","ts":"2025-06-27T19:01:13.208+00:00","source":{"id":"0","name":"eventBus"}}
{"__type":"$$EventMessageNode","id":"0ff44ead-cc18-4faa-8bca-98f4878cbd2a","ts":"2025-06-27T19:01:13.264+00:00","eventName":"n8n.node.started","message":"n8n.node.started","payload":{"workflowId":"31bpoOl5mpRMK1lH","workflowName":"llinkdinworkflow","executionId":"142","nodeType":"n8n-nodes-base.executeCommand","nodeName":"gera sugestoes de melhoria no cv"}}
{"__type":"$$EventMessageConfirm","confirm":"0ff44ead-cc18-4faa-8bca-98f4878cbd2a","ts":"2025-06-27T19:01:13.265+00:00","source":{"id":"0","name":"eventBus"}}
{"__type":"$$EventMessageWorkflow","id":"89dd70fd-abe3-4dba-89bc-09ece10311b3","ts":"2025-06-27T16:10:38.038-03:00","eventName":"n8n.workflow.failed","message":"n8n.workflow.failed","payload":{"executionId":"142","userId":"0d1afc1f-c645-4b24-936a-dcf78e78faeb","success":false,"isManual":true,"workflowId":"31bpoOl5mpRMK1lH","workflowName":"llinkdinworkflow"}}
{"__type":"$$EventMessageConfirm","confirm":"89dd70fd-abe3-4dba-89bc-09ece10311b3","ts":"2025-06-27T16:10:38.042-03:00","source":{"id":"0","name":"eventBus"}}
{"__type":"$$EventMessageWorkflow","id":"4abca396-642a-4aed-8c4d-41458cd8f835","ts":"2025-06-27T16:10:42.604-03:00","eventName":"n8n.workflow.started","message":"n8n.workflow.started","payload":{"executionId":"143","workflowId":"31bpoOl5mpRMK1lH","isManual":false,"workflowName":"llinkdinworkflow"}}
{"__type":"$$EventMessageConfirm","confirm":"4abca396-642a-4aed-8c4d-41458cd8f835","ts":"2025-06-27T16:10:42.606-03:00","source":{"id":"0","name":"eventBus"}}
{"__type":"$$EventMessageNode","id":"b476b1aa-a59d-4881-95d1-43d28111248f","ts":"2025-06-27T16:10:42.607-03:00","eventName":"n8n.node.started","message":"n8n.node.started","payload":{"workflowId":"31bpoOl5mpRMK1lH","workflowName":"llinkdinworkflow","executionId":"143","nodeType":"n8n-nodes-base.localFileTrigger","nodeName":"Local File Trigger"}}
{"__type":"$$EventMessageConfirm","confirm":"b476b1aa-a59d-4881-95d1-43d28111248f","ts":"2025-06-27T16:10:42.608-03:00","source":{"id":"0","name":"eventBus"}}
{"__type":"$$EventMessageNode","id":"42974016-fc26-47ec-9ab4-4af3656c98db","ts":"2025-06-27T16:11:14.419-03:00","eventName":"n8n.node.finished","message":"n8n.node.finished","payload":{"workflowId":"31bpoOl5mpRMK1lH","workflowName":"llinkdinworkflow","executionId":"143","nodeType":"n8n-nodes-base.localFileTrigger","nodeName":"Local File Trigger"}}
{"__type":"$$EventMessageConfirm","confirm":"42974016-fc26-47ec-9ab4-4af3656c98db","ts":"2025-06-27T16:11:14.420-03:00","source":{"id":"0","name":"eventBus"}}
{"__type":"$$EventMessageNode","id":"f4052769-25c2-4499-8386-1277ab809a88","ts":"2025-06-27T16:11:14.426-03:00","eventName":"n8n.node.started","message":"n8n.node.started","payload":{"workflowId":"31bpoOl5mpRMK1lH","workflowName":"llinkdinworkflow","executionId":"143","nodeType":"n8n-nodes-base.executeCommand","nodeName":"analise_vaga_ia"}}
{"__type":"$$EventMessageConfirm","confirm":"f4052769-25c2-4499-8386-1277ab809a88","ts":"2025-06-27T16:11:14.432-03:00","source":{"id":"0","name":"eventBus"}}
{"__type":"$$EventMessageNode","id":"bfc6fe7b-c3f3-413f-8e64-9e42f4d4708e","ts":"2025-06-27T16:11:29.012-03:00","eventName":"n8n.node.finished","message":"n8n.node.finished","payload":{"workflowId":"31bpoOl5mpRMK1lH","workflowName":"llinkdinworkflow","executionId":"143","nodeType":"n8n-nodes-base.executeCommand","nodeName":"analise_vaga_ia"}}
{"__type":"$$EventMessageConfirm","confirm":"bfc6fe7b-c3f3-413f-8e64-9e42f4d4708e","ts":"2025-06-27T16:11:29.015-03:00","source":{"id":"0","name":"eventBus"}}
{"__type":"$$EventMessageNode","id":"74d9e443-9c90-4fdd-a561-2ac88067dbf8","ts":"2025-06-27T16:11:29.019-03:00","eventName":"n8n.node.started","message":"n8n.node.started","payload":{"workflowId":"31bpoOl5mpRMK1lH","workflowName":"llinkdinworkflow","executionId":"143","nodeType":"n8n-nodes-base.code","nodeName":"transforma o json de saida em algo palatavel pro proximo script"}}
{"__type":"$$EventMessageConfirm","confirm":"74d9e443-9c90-4fdd-a561-2ac88067dbf8","ts":"2025-06-27T16:11:29.019-03:00","source":{"id":"0","name":"eventBus"}}
{"__type":"$$EventMessageNode","id":"a4da1266-2198-41e1-8cd7-c9b414c4db5b","ts":"2025-06-27T16:11:29.394-03:00","eventName":"n8n.node.finished","message":"n8n.node.finished","payload":{"workflowId":"31bpoOl5mpRMK1lH","workflowName":"llinkdinworkflow","executionId":"143","nodeType":"n8n-nodes-base.code","nodeName":"transforma o json de saida em algo palatavel pro proximo script"}}
{"__type":"$$EventMessageConfirm","confirm":"a4da1266-2198-41e1-8cd7-c9b414c4db5b","ts":"2025-06-27T16:11:29.395-03:00","source":{"id":"0","name":"eventBus"}}
{"__type":"$$EventMessageNode","id":"9c5f9e96-5ca1-45db-b5c7-d3e129062f51","ts":"2025-06-27T16:11:29.397-03:00","eventName":"n8n.node.started","message":"n8n.node.started","payload":{"workflowId":"31bpoOl5mpRMK1lH","workflowName":"llinkdinworkflow","executionId":"143","nodeType":"n8n-nodes-base.executeCommand","nodeName":"gera sugestoes de melhoria no cv"}}
{"__type":"$$EventMessageConfirm","confirm":"9c5f9e96-5ca1-45db-b5c7-d3e129062f51","ts":"2025-06-27T16:11:29.398-03:00","source":{"id":"0","name":"eventBus"}}
{"__type":"$$EventMessageNode","id":"f8d5e36c-f199-425c-bec0-83fe07693902","ts":"2025-06-27T16:11:38.125-03:00","eventName":"n8n.node.finished","message":"n8n.node.finished","payload":{"workflowId":"31bpoOl5mpRMK1lH","workflowName":"llinkdinworkflow","executionId":"142","nodeType":"n8n-nodes-base.executeCommand","nodeName":"gera sugestoes de melhoria no cv"}}
{"__type":"$$EventMessageConfirm","confirm":"f8d5e36c-f199-425c-bec0-83fe07693902","ts":"2025-06-27T16:11:38.127-03:00","source":{"id":"0","name":"eventBus"}}
{"__type":"$$EventMessageNode","id":"d1825858-3a38-454e-b701-040cc1594b12","ts":"2025-06-27T16:11:56.706-03:00","eventName":"n8n.node.finished","message":"n8n.node.finished","payload":{"workflowId":"31bpoOl5mpRMK1lH","workflowName":"llinkdinworkflow","executionId":"143","nodeType":"n8n-nodes-base.executeCommand","nodeName":"gera sugestoes de melhoria no cv"}}
{"__type":"$$EventMessageConfirm","confirm":"d1825858-3a38-454e-b701-040cc1594b12","ts":"2025-06-27T16:11:56.707-03:00","source":{"id":"0","name":"eventBus"}}
{"__type":"$$EventMessageNode","id":"2bbc0a98-11d1-46ee-bd0e-b1762578c1ac","ts":"2025-06-27T16:11:56.711-03:00","eventName":"n8n.node.started","message":"n8n.node.started","payload":{"workflowId":"31bpoOl5mpRMK1lH","workflowName":"llinkdinworkflow","executionId":"143","nodeType":"n8n-nodes-base.merge","nodeName":"Merge1"}}
{"__type":"$$EventMessageConfirm","confirm":"2bbc0a98-11d1-46ee-bd0e-b1762578c1ac","ts":"2025-06-27T16:11:56.713-03:00","source":{"id":"0","name":"eventBus"}}
{"__type":"$$EventMessageNode","id":"77b3190e-2d2d-4a17-b1d6-339176b1a83b","ts":"2025-06-27T16:11:56.895-03:00","eventName":"n8n.node.finished","message":"n8n.node.finished","payload":{"workflowId":"31bpoOl5mpRMK1lH","workflowName":"llinkdinworkflow","executionId":"143","nodeType":"n8n-nodes-base.merge","nodeName":"Merge1"}}
{"__type":"$$EventMessageConfirm","confirm":"77b3190e-2d2d-4a17-b1d6-339176b1a83b","ts":"2025-06-27T16:11:56.900-03:00","source":{"id":"0","name":"eventBus"}}
{"__type":"$$EventMessageNode","id":"77186195-dfef-49dc-aa25-49f8adeeb9cd","ts":"2025-06-27T16:11:56.902-03:00","eventName":"n8n.node.started","message":"n8n.node.started","payload":{"workflowId":"31bpoOl5mpRMK1lH","workflowName":"llinkdinworkflow","executionId":"143","nodeType":"n8n-nodes-base.executeCommand","nodeName":"Le os requisitos de vaga e compara com meu CV, gera um score de aderencia"}}
{"__type":"$$EventMessageConfirm","confirm":"77186195-dfef-49dc-aa25-49f8adeeb9cd","ts":"2025-06-27T16:11:56.902-03:00","source":{"id":"0","name":"eventBus"}}
{"__type":"$$EventMessageNode","id":"d58c35a9-e2fe-405e-9a94-c32fc3ac27c2","ts":"2025-06-27T16:12:32.245-03:00","eventName":"n8n.node.finished","message":"n8n.node.finished","payload":{"workflowId":"31bpoOl5mpRMK1lH","workflowName":"llinkdinworkflow","executionId":"143","nodeType":"n8n-nodes-base.executeCommand","nodeName":"Le os requisitos de vaga e compara com meu CV, gera um score de aderencia"}}
{"__type":"$$EventMessageConfirm","confirm":"d58c35a9-e2fe-405e-9a94-c32fc3ac27c2","ts":"2025-06-27T16:12:32.248-03:00","source":{"id":"0","name":"eventBus"}}
{"__type":"$$EventMessageNode","id":"ca236fb4-9664-4583-9c8d-c66a81ef14e7","ts":"2025-06-27T16:12:32.253-03:00","eventName":"n8n.node.started","message":"n8n.node.started","payload":{"workflowId":"31bpoOl5mpRMK1lH","workflowName":"llinkdinworkflow","executionId":"143","nodeType":"n8n-nodes-base.merge","nodeName":"Merge"}}
{"__type":"$$EventMessageConfirm","confirm":"ca236fb4-9664-4583-9c8d-c66a81ef14e7","ts":"2025-06-27T16:12:32.254-03:00","source":{"id":"0","name":"eventBus"}}
{"__type":"$$EventMessageNode","id":"bc0da7d7-837f-442f-8d29-074c1191a032","ts":"2025-06-27T16:12:32.264-03:00","eventName":"n8n.node.finished","message":"n8n.node.finished","payload":{"workflowId":"31bpoOl5mpRMK1lH","workflowName":"llinkdinworkflow","executionId":"143","nodeType":"n8n-nodes-base.merge","nodeName":"Merge"}}
{"__type":"$$EventMessageConfirm","confirm":"bc0da7d7-837f-442f-8d29-074c1191a032","ts":"2025-06-27T16:12:32.265-03:00","source":{"id":"0","name":"eventBus"}}
{"__type":"$$EventMessageWorkflow","id":"a2d3aa30-1501-4d49-8779-dfd890c46c67","ts":"2025-06-27T16:12:32.289-03:00","eventName":"n8n.workflow.success","message":"n8n.workflow.success","payload":{"executionId":"143","userId":"0d1afc1f-c645-4b24-936a-dcf78e78faeb","success":true,"isManual":true,"workflowId":"31bpoOl5mpRMK1lH","workflowName":"llinkdinworkflow"}}
{"__type":"$$EventMessageConfirm","confirm":"a2d3aa30-1501-4d49-8779-dfd890c46c67","ts":"2025-06-27T16:12:32.289-03:00","source":{"id":"0","name":"eventBus"}}
{"__type":"$$EventMessageWorkflow","id":"d215b17f-ddcb-4062-9843-64238aacbe22","ts":"2025-06-27T16:15:55.540-03:00","eventName":"n8n.workflow.started","message":"n8n.workflow.started","payload":{"executionId":"144","workflowId":"31bpoOl5mpRMK1lH","isManual":false,"workflowName":"llinkdinworkflow"}}
{"__type":"$$EventMessageConfirm","confirm":"d215b17f-ddcb-4062-9843-64238aacbe22","ts":"2025-06-27T16:15:55.542-03:00","source":{"id":"0","name":"eventBus"}}
{"__type":"$$EventMessageNode","id":"ff33f9c9-c4a0-4977-9774-c4a59689aa05","ts":"2025-06-27T16:15:55.548-03:00","eventName":"n8n.node.started","message":"n8n.node.started","payload":{"workflowId":"31bpoOl5mpRMK1lH","workflowName":"llinkdinworkflow","executionId":"144","nodeType":"n8n-nodes-base.merge","nodeName":"Merge1"}}
{"__type":"$$EventMessageConfirm","confirm":"ff33f9c9-c4a0-4977-9774-c4a59689aa05","ts":"2025-06-27T16:15:55.548-03:00","source":{"id":"0","name":"eventBus"}}
{"__type":"$$EventMessageNode","id":"6c01a8be-5d67-4a86-aba4-5c3184f444ed","ts":"2025-06-27T16:15:55.554-03:00","eventName":"n8n.node.finished","message":"n8n.node.finished","payload":{"workflowId":"31bpoOl5mpRMK1lH","workflowName":"llinkdinworkflow","executionId":"144","nodeType":"n8n-nodes-base.merge","nodeName":"Merge1"}}
{"__type":"$$EventMessageConfirm","confirm":"6c01a8be-5d67-4a86-aba4-5c3184f444ed","ts":"2025-06-27T16:15:55.555-03:00","source":{"id":"0","name":"eventBus"}}
{"__type":"$$EventMessageWorkflow","id":"6c535904-3477-4faa-a4ea-4871ee5d0b11","ts":"2025-06-27T16:15:55.557-03:00","eventName":"n8n.workflow.success","message":"n8n.workflow.success","payload":{"executionId":"144","userId":"0d1afc1f-c645-4b24-936a-dcf78e78faeb","success":true,"isManual":true,"workflowId":"31bpoOl5mpRMK1lH","workflowName":"llinkdinworkflow"}}
{"__type":"$$EventMessageConfirm","confirm":"6c535904-3477-4faa-a4ea-4871ee5d0b11","ts":"2025-06-27T16:15:55.558-03:00","source":{"id":"0","name":"eventBus"}}
{"__type":"$$EventMessageWorkflow","id":"5ff7ded5-1b0d-4d56-9514-c863bd709124","ts":"2025-06-27T16:16:02.044-03:00","eventName":"n8n.workflow.started","message":"n8n.workflow.started","payload":{"executionId":"145","workflowId":"31bpoOl5mpRMK1lH","isManual":false,"workflowName":"llinkdinworkflow"}}
{"__type":"$$EventMessageConfirm","confirm":"5ff7ded5-1b0d-4d56-9514-c863bd709124","ts":"2025-06-27T16:16:02.045-03:00","source":{"id":"0","name":"eventBus"}}
{"__type":"$$EventMessageNode","id":"ddd853b8-3fe6-44e5-be13-4469066165dc","ts":"2025-06-27T16:16:02.049-03:00","eventName":"n8n.node.started","message":"n8n.node.started","payload":{"workflowId":"31bpoOl5mpRMK1lH","workflowName":"llinkdinworkflow","executionId":"145","nodeType":"n8n-nodes-base.executeCommand","nodeName":"gera sugestoes de melhoria no cv"}}
{"__type":"$$EventMessageConfirm","confirm":"ddd853b8-3fe6-44e5-be13-4469066165dc","ts":"2025-06-27T16:16:02.049-03:00","source":{"id":"0","name":"eventBus"}}
{"__type":"$$EventMessageNode","id":"6378dbbe-2415-4ed5-9716-3e5a697a3c99","ts":"2025-06-27T16:16:02.090-03:00","eventName":"n8n.node.finished","message":"n8n.node.finished","payload":{"workflowId":"31bpoOl5mpRMK1lH","workflowName":"llinkdinworkflow","executionId":"145","nodeType":"n8n-nodes-base.executeCommand","nodeName":"gera sugestoes de melhoria no cv"}}
{"__type":"$$EventMessageConfirm","confirm":"6378dbbe-2415-4ed5-9716-3e5a697a3c99","ts":"2025-06-27T16:16:02.091-03:00","source":{"id":"0","name":"eventBus"}}
{"__type":"$$EventMessageWorkflow","id":"f4b69b52-729c-4054-a881-700a1ac281f4","ts":"2025-06-27T16:16:02.098-03:00","eventName":"n8n.workflow.failed","message":"n8n.workflow.failed","payload":{"executionId":"145","userId":"0d1afc1f-c645-4b24-936a-dcf78e78faeb","success":false,"isManual":true,"workflowId":"31bpoOl5mpRMK1lH","workflowName":"llinkdinworkflow","lastNodeExecuted":"gera sugestoes de melhoria no cv","errorNodeType":"n8n-nodes-base.executeCommand","errorMessage":"Command failed: cat /data/linkedin-automacao/output/analise_vagas_resultados.json | . /data/linkedin-automacao/run_cv_otimizado.sh\n/bin/sh: /data/linkedin-automacao/run_cv_otimizado.sh: line 3: syntax error: unexpected newline\n"}}
{"__type":"$$EventMessageConfirm","confirm":"f4b69b52-729c-4054-a881-700a1ac281f4","ts":"2025-06-27T16:16:02.099-03:00","source":{"id":"0","name":"eventBus"}}
{"__type":"$$EventMessageWorkflow","id":"3a47166f-3405-4a22-9762-07b678665b32","ts":"2025-06-27T16:16:57.629-03:00","eventName":"n8n.workflow.started","message":"n8n.workflow.started","payload":{"executionId":"146","workflowId":"31bpoOl5mpRMK1lH","isManual":false,"workflowName":"llinkdinworkflow"}}
{"__type":"$$EventMessageConfirm","confirm":"3a47166f-3405-4a22-9762-07b678665b32","ts":"2025-06-27T16:16:57.630-03:00","source":{"id":"0","name":"eventBus"}}
{"__type":"$$EventMessageNode","id":"13237b5f-8215-4289-a0c5-c2e52dea1bb1","ts":"2025-06-27T16:16:57.632-03:00","eventName":"n8n.node.started","message":"n8n.node.started","payload":{"workflowId":"31bpoOl5mpRMK1lH","workflowName":"llinkdinworkflow","executionId":"146","nodeType":"n8n-nodes-base.executeCommand","nodeName":"gera sugestoes de melhoria no cv"}}
{"__type":"$$EventMessageConfirm","confirm":"13237b5f-8215-4289-a0c5-c2e52dea1bb1","ts":"2025-06-27T16:16:57.634-03:00","source":{"id":"0","name":"eventBus"}}
{"__type":"$$EventMessageNode","id":"16389b60-1c49-49fa-8f80-8c3c40b4c475","ts":"2025-06-27T16:17:21.134-03:00","eventName":"n8n.node.finished","message":"n8n.node.finished","payload":{"workflowId":"31bpoOl5mpRMK1lH","workflowName":"llinkdinworkflow","executionId":"146","nodeType":"n8n-nodes-base.executeCommand","nodeName":"gera sugestoes de melhoria no cv"}}
{"__type":"$$EventMessageConfirm","confirm":"16389b60-1c49-49fa-8f80-8c3c40b4c475","ts":"2025-06-27T16:17:21.139-03:00","source":{"id":"0","name":"eventBus"}}
{"__type":"$$EventMessageWorkflow","id":"302a7d2e-2d82-4b2e-95ca-0236d12af50c","ts":"2025-06-27T16:17:21.154-03:00","eventName":"n8n.workflow.success","message":"n8n.workflow.success","payload":{"executionId":"146","userId":"0d1afc1f-c645-4b24-936a-dcf78e78faeb","success":true,"isManual":true,"workflowId":"31bpoOl5mpRMK1lH","workflowName":"llinkdinworkflow"}}
{"__type":"$$EventMessageConfirm","confirm":"302a7d2e-2d82-4b2e-95ca-0236d12af50c","ts":"2025-06-27T16:17:21.159-03:00","source":{"id":"0","name":"eventBus"}}
