{"__type":"$$EventMessageAudit","id":"6f0dd7d2-b671-475d-bf65-64230257d586","ts":"2025-06-18T18:34:24.144+00:00","eventName":"n8n.audit.workflow.created","message":"n8n.audit.workflow.created","payload":{"userId":"5e4355e4-429c-45ee-af6d-230d60251c47","_email":"ericaaraujo2112@gmail.com","_firstName":"Erica","_lastName":"Araujo","globalRole":"global:owner","workflowId":"5TfD7pSRmC6ncDx7","workflowName":"My workflow"}}
{"__type":"$$EventMessageConfirm","confirm":"6f0dd7d2-b671-475d-bf65-64230257d586","ts":"2025-06-18T18:34:24.149+00:00","source":{"id":"0","name":"eventBus"}}
{"__type":"$$EventMessageWorkflow","id":"7d4635c2-98b2-40f4-a0ab-8d8aaea46384","ts":"2025-06-18T18:34:24.458+00:00","eventName":"n8n.workflow.started","message":"n8n.workflow.started","payload":{"executionId":"1","workflowId":"5TfD7pSRmC6ncDx7","isManual":false,"workflowName":"My workflow"}}
{"__type":"$$EventMessageConfirm","confirm":"7d4635c2-98b2-40f4-a0ab-8d8aaea46384","ts":"2025-06-18T18:34:24.458+00:00","source":{"id":"0","name":"eventBus"}}
{"__type":"$$EventMessageNode","id":"dda2fcdc-78a0-42ef-8d5c-d98c5fcd88aa","ts":"2025-06-18T18:34:24.466+00:00","eventName":"n8n.node.started","message":"n8n.node.started","payload":{"workflowId":"5TfD7pSRmC6ncDx7","workflowName":"My workflow","executionId":"1","nodeType":"n8n-nodes-base.manualTrigger","nodeName":"When clicking ‘Execute workflow’"}}
{"__type":"$$EventMessageConfirm","confirm":"dda2fcdc-78a0-42ef-8d5c-d98c5fcd88aa","ts":"2025-06-18T18:34:24.466+00:00","source":{"id":"0","name":"eventBus"}}
{"__type":"$$EventMessageNode","id":"6259ede0-7c21-4b84-bed5-6293b4a5e629","ts":"2025-06-18T18:34:24.479+00:00","eventName":"n8n.node.finished","message":"n8n.node.finished","payload":{"workflowId":"5TfD7pSRmC6ncDx7","workflowName":"My workflow","executionId":"1","nodeType":"n8n-nodes-base.manualTrigger","nodeName":"When clicking ‘Execute workflow’"}}
{"__type":"$$EventMessageConfirm","confirm":"6259ede0-7c21-4b84-bed5-6293b4a5e629","ts":"2025-06-18T18:34:24.480+00:00","source":{"id":"0","name":"eventBus"}}
{"__type":"$$EventMessageNode","id":"53718ffb-25e0-4b4a-afd5-adba7df81331","ts":"2025-06-18T18:34:24.482+00:00","eventName":"n8n.node.started","message":"n8n.node.started","payload":{"workflowId":"5TfD7pSRmC6ncDx7","workflowName":"My workflow","executionId":"1","nodeType":"n8n-nodes-base.executeCommand","nodeName":"Execute Command"}}
{"__type":"$$EventMessageConfirm","confirm":"53718ffb-25e0-4b4a-afd5-adba7df81331","ts":"2025-06-18T18:34:24.483+00:00","source":{"id":"0","name":"eventBus"}}
{"__type":"$$EventMessageNode","id":"e99d1f41-184c-4efa-b5b2-48c79a4fc98d","ts":"2025-06-18T18:34:24.528+00:00","eventName":"n8n.node.finished","message":"n8n.node.finished","payload":{"workflowId":"5TfD7pSRmC6ncDx7","workflowName":"My workflow","executionId":"1","nodeType":"n8n-nodes-base.executeCommand","nodeName":"Execute Command"}}
{"__type":"$$EventMessageConfirm","confirm":"e99d1f41-184c-4efa-b5b2-48c79a4fc98d","ts":"2025-06-18T18:34:24.528+00:00","source":{"id":"0","name":"eventBus"}}
{"__type":"$$EventMessageWorkflow","id":"f68a42e0-bbde-40de-86ba-c633c4378279","ts":"2025-06-18T18:34:24.536+00:00","eventName":"n8n.workflow.success","message":"n8n.workflow.success","payload":{"executionId":"1","userId":"5e4355e4-429c-45ee-af6d-230d60251c47","success":true,"isManual":true,"workflowId":"5TfD7pSRmC6ncDx7","workflowName":"My workflow"}}
{"__type":"$$EventMessageConfirm","confirm":"f68a42e0-bbde-40de-86ba-c633c4378279","ts":"2025-06-18T18:34:24.537+00:00","source":{"id":"0","name":"eventBus"}}
{"__type":"$$EventMessageWorkflow","id":"c2da9a8c-10cc-4929-9da7-ae39b8e61ed4","ts":"2025-06-18T18:42:40.064+00:00","eventName":"n8n.workflow.started","message":"n8n.workflow.started","payload":{"executionId":"2","workflowId":"5TfD7pSRmC6ncDx7","isManual":false,"workflowName":"My workflow"}}
{"__type":"$$EventMessageConfirm","confirm":"c2da9a8c-10cc-4929-9da7-ae39b8e61ed4","ts":"2025-06-18T18:42:40.066+00:00","source":{"id":"0","name":"eventBus"}}
{"__type":"$$EventMessageNode","id":"cea677d9-43e8-412d-913f-49f6bb6fc79e","ts":"2025-06-18T18:42:40.068+00:00","eventName":"n8n.node.started","message":"n8n.node.started","payload":{"workflowId":"5TfD7pSRmC6ncDx7","workflowName":"My workflow","executionId":"2","nodeType":"n8n-nodes-base.executeCommand","nodeName":"Execute Command"}}
{"__type":"$$EventMessageConfirm","confirm":"cea677d9-43e8-412d-913f-49f6bb6fc79e","ts":"2025-06-18T18:42:40.068+00:00","source":{"id":"0","name":"eventBus"}}
{"__type":"$$EventMessageNode","id":"68ad628c-174a-435f-91b6-06a76db3a734","ts":"2025-06-18T18:42:40.198+00:00","eventName":"n8n.node.finished","message":"n8n.node.finished","payload":{"workflowId":"5TfD7pSRmC6ncDx7","workflowName":"My workflow","executionId":"2","nodeType":"n8n-nodes-base.executeCommand","nodeName":"Execute Command"}}
{"__type":"$$EventMessageConfirm","confirm":"68ad628c-174a-435f-91b6-06a76db3a734","ts":"2025-06-18T18:42:40.198+00:00","source":{"id":"0","name":"eventBus"}}
{"__type":"$$EventMessageWorkflow","id":"1b9f092c-de99-46e0-90e3-97f1f5082148","ts":"2025-06-18T18:42:40.203+00:00","eventName":"n8n.workflow.failed","message":"n8n.workflow.failed","payload":{"executionId":"2","userId":"5e4355e4-429c-45ee-af6d-230d60251c47","success":false,"isManual":true,"workflowId":"5TfD7pSRmC6ncDx7","workflowName":"My workflow","lastNodeExecuted":"Execute Command","errorNodeType":"n8n-nodes-base.executeCommand","errorMessage":"Command failed: cd /home/gracer2112/projetos/linkedin-automacao && source venv/bin/activate && python scripts/analise_cv_ia.py configs/linkedin.json\n/bin/sh: cd: line 0: can't cd to /home/gracer2112/projetos/linkedin-automacao: No such file or directory\n"}}
{"__type":"$$EventMessageConfirm","confirm":"1b9f092c-de99-46e0-90e3-97f1f5082148","ts":"2025-06-18T18:42:40.209+00:00","source":{"id":"0","name":"eventBus"}}
{"__type":"$$EventMessageWorkflow","id":"7e3423ed-083b-4f4c-a0f9-c2eee35a2a52","ts":"2025-06-18T18:47:32.095+00:00","eventName":"n8n.workflow.started","message":"n8n.workflow.started","payload":{"executionId":"3","workflowId":"5TfD7pSRmC6ncDx7","isManual":false,"workflowName":"My workflow"}}
{"__type":"$$EventMessageConfirm","confirm":"7e3423ed-083b-4f4c-a0f9-c2eee35a2a52","ts":"2025-06-18T18:47:32.096+00:00","source":{"id":"0","name":"eventBus"}}
{"__type":"$$EventMessageNode","id":"c8d547e3-313b-4300-b091-7a94353a5fde","ts":"2025-06-18T18:47:32.098+00:00","eventName":"n8n.node.started","message":"n8n.node.started","payload":{"workflowId":"5TfD7pSRmC6ncDx7","workflowName":"My workflow","executionId":"3","nodeType":"n8n-nodes-base.executeCommand","nodeName":"Execute Command"}}
{"__type":"$$EventMessageConfirm","confirm":"c8d547e3-313b-4300-b091-7a94353a5fde","ts":"2025-06-18T18:47:32.098+00:00","source":{"id":"0","name":"eventBus"}}
{"__type":"$$EventMessageNode","id":"b8aa8862-cd59-4cd8-bb41-3ebacdd3a09a","ts":"2025-06-18T18:47:32.126+00:00","eventName":"n8n.node.finished","message":"n8n.node.finished","payload":{"workflowId":"5TfD7pSRmC6ncDx7","workflowName":"My workflow","executionId":"3","nodeType":"n8n-nodes-base.executeCommand","nodeName":"Execute Command"}}
{"__type":"$$EventMessageConfirm","confirm":"b8aa8862-cd59-4cd8-bb41-3ebacdd3a09a","ts":"2025-06-18T18:47:32.127+00:00","source":{"id":"0","name":"eventBus"}}
{"__type":"$$EventMessageWorkflow","id":"0ac08533-74e3-4aa5-bc03-66faa9468dd9","ts":"2025-06-18T18:47:32.130+00:00","eventName":"n8n.workflow.failed","message":"n8n.workflow.failed","payload":{"executionId":"3","userId":"5e4355e4-429c-45ee-af6d-230d60251c47","success":false,"isManual":true,"workflowId":"5TfD7pSRmC6ncDx7","workflowName":"My workflow","lastNodeExecuted":"Execute Command","errorNodeType":"n8n-nodes-base.executeCommand","errorMessage":"Command failed: ls -l /home/gracer2112/projetos/configs/linkedin.json\nls: /home/gracer2112/projetos/configs/linkedin.json: No such file or directory\n"}}
{"__type":"$$EventMessageConfirm","confirm":"0ac08533-74e3-4aa5-bc03-66faa9468dd9","ts":"2025-06-18T18:47:32.131+00:00","source":{"id":"0","name":"eventBus"}}
{"__type":"$$EventMessageWorkflow","id":"8e44c7e4-0072-4880-aab4-5a78937b0d89","ts":"2025-06-18T18:48:01.129+00:00","eventName":"n8n.workflow.started","message":"n8n.workflow.started","payload":{"executionId":"4","workflowId":"5TfD7pSRmC6ncDx7","isManual":false,"workflowName":"My workflow"}}
{"__type":"$$EventMessageConfirm","confirm":"8e44c7e4-0072-4880-aab4-5a78937b0d89","ts":"2025-06-18T18:48:01.129+00:00","source":{"id":"0","name":"eventBus"}}
{"__type":"$$EventMessageNode","id":"ed4a4a5a-2208-4d95-9c1a-2000b2b26508","ts":"2025-06-18T18:48:01.131+00:00","eventName":"n8n.node.started","message":"n8n.node.started","payload":{"workflowId":"5TfD7pSRmC6ncDx7","workflowName":"My workflow","executionId":"4","nodeType":"n8n-nodes-base.executeCommand","nodeName":"Execute Command"}}
{"__type":"$$EventMessageConfirm","confirm":"ed4a4a5a-2208-4d95-9c1a-2000b2b26508","ts":"2025-06-18T18:48:01.131+00:00","source":{"id":"0","name":"eventBus"}}
{"__type":"$$EventMessageNode","id":"995fd56d-b3f5-4ea6-86b8-daf2ca268663","ts":"2025-06-18T18:48:01.152+00:00","eventName":"n8n.node.finished","message":"n8n.node.finished","payload":{"workflowId":"5TfD7pSRmC6ncDx7","workflowName":"My workflow","executionId":"4","nodeType":"n8n-nodes-base.executeCommand","nodeName":"Execute Command"}}
{"__type":"$$EventMessageConfirm","confirm":"995fd56d-b3f5-4ea6-86b8-daf2ca268663","ts":"2025-06-18T18:48:01.153+00:00","source":{"id":"0","name":"eventBus"}}
{"__type":"$$EventMessageWorkflow","id":"9610aae3-5650-42b3-bd2d-4033ade1a36b","ts":"2025-06-18T18:48:01.157+00:00","eventName":"n8n.workflow.success","message":"n8n.workflow.success","payload":{"executionId":"4","userId":"5e4355e4-429c-45ee-af6d-230d60251c47","success":true,"isManual":true,"workflowId":"5TfD7pSRmC6ncDx7","workflowName":"My workflow"}}
{"__type":"$$EventMessageConfirm","confirm":"9610aae3-5650-42b3-bd2d-4033ade1a36b","ts":"2025-06-18T18:48:01.157+00:00","source":{"id":"0","name":"eventBus"}}
{"__type":"$$EventMessageWorkflow","id":"0d231c10-8634-4c32-b6f4-1e790b27b5b2","ts":"2025-06-18T18:49:37.692+00:00","eventName":"n8n.workflow.started","message":"n8n.workflow.started","payload":{"executionId":"5","workflowId":"5TfD7pSRmC6ncDx7","isManual":false,"workflowName":"My workflow"}}
{"__type":"$$EventMessageConfirm","confirm":"0d231c10-8634-4c32-b6f4-1e790b27b5b2","ts":"2025-06-18T18:49:37.694+00:00","source":{"id":"0","name":"eventBus"}}
{"__type":"$$EventMessageNode","id":"d451b3fa-2d79-4e01-b4a6-c5a85c8ddded","ts":"2025-06-18T18:49:37.696+00:00","eventName":"n8n.node.started","message":"n8n.node.started","payload":{"workflowId":"5TfD7pSRmC6ncDx7","workflowName":"My workflow","executionId":"5","nodeType":"n8n-nodes-base.executeCommand","nodeName":"Execute Command"}}
{"__type":"$$EventMessageConfirm","confirm":"d451b3fa-2d79-4e01-b4a6-c5a85c8ddded","ts":"2025-06-18T18:49:37.696+00:00","source":{"id":"0","name":"eventBus"}}
{"__type":"$$EventMessageNode","id":"e3d538fe-781d-46b6-be2b-4254195408c6","ts":"2025-06-18T18:49:37.717+00:00","eventName":"n8n.node.finished","message":"n8n.node.finished","payload":{"workflowId":"5TfD7pSRmC6ncDx7","workflowName":"My workflow","executionId":"5","nodeType":"n8n-nodes-base.executeCommand","nodeName":"Execute Command"}}
{"__type":"$$EventMessageConfirm","confirm":"e3d538fe-781d-46b6-be2b-4254195408c6","ts":"2025-06-18T18:49:37.718+00:00","source":{"id":"0","name":"eventBus"}}
{"__type":"$$EventMessageWorkflow","id":"96524a22-17fe-48cf-96d2-fd8310b6e5d2","ts":"2025-06-18T18:49:37.725+00:00","eventName":"n8n.workflow.success","message":"n8n.workflow.success","payload":{"executionId":"5","userId":"5e4355e4-429c-45ee-af6d-230d60251c47","success":true,"isManual":true,"workflowId":"5TfD7pSRmC6ncDx7","workflowName":"My workflow"}}
{"__type":"$$EventMessageConfirm","confirm":"96524a22-17fe-48cf-96d2-fd8310b6e5d2","ts":"2025-06-18T18:49:37.726+00:00","source":{"id":"0","name":"eventBus"}}
